<?xml version="1.0" encoding="UTF-8"?>
<testsuite xmlns:xsi="http://www.w3.org/2001/XMLSchema-instance" xsi:noNamespaceSchemaLocation="https://maven.apache.org/surefire/maven-surefire-plugin/xsd/surefire-test-report-3.0.xsd" version="3.0" name="com.gencatalog.service.CatalogServicePropertyTest" time="1.029" tests="1" errors="0" skipped="0" failures="0">
  <properties>
[...]
</properties>
  <testcase name="property1 completeOutputCoverage" classname="com.gencatalog.service.CatalogServicePropertyTest" time="1.003">
    <system-out><![CDATA[2026-04-29T20:49:22.594+05:30  WARN 19084 --- [           main] com.gencatalog.service.CatalogService    : AI engine failed for product 'Z': Simulated AI engine failure for index 1 — using fallback
2026-04-29T20:49:22.595+05:30  WARN 19084 --- [           main] com.gencatalog.service.CatalogService    : AI engine failed for product 'P0yG4m': Simulated AI engine failure for index 3 — using fallback
2026-04-29T20:49:22.608+05:30  WARN 19084 --- [           main] com.gencatalog.service.CatalogService    : AI engine failed for product 'ZwvRrtUlZ166q0axuxaVQOOcoyHGF': Simulated AI engine failure for index 1 — using fallback
2026-04-29T20:49:22.608+05:30  WARN 19084 --- [           main] com.gencatalog.service.CatalogService    : AI engine failed for product 'etRemtmEG2g7w9C': Simulated AI engine failure for index 3 — using fallback
2026-04-29T20:49:22.614+05:30  WARN 19084 --- [           main] com.gencatalog.service.CatalogService    : AI engine failed for product 'xH7FBQUOFyCbZAPjKO': Simulated AI engine failure for index 1 — using fallback
2026-04-29T20:49:22.615+05:30  WARN 19084 --- [           main] com.gencatalog.service.CatalogService    : AI engine failed for product 'khYPoUKHJZZZl86u9A': Simulated AI engine failure for index 3 — using fallback
2026-04-29T20:49:22.621+05:30  WARN 19084 --- [           main] com.gencatalog.service.CatalogService    : AI engine failed for product 'eB4b2igTpOulPz7w': Simulated AI engine failure for index 1 — using fallback
2026-04-29T20:49:22.622+05:30  WARN 19084 --- [           main] com.gencatalog.service.CatalogService    : AI engine failed for product '5GZ23ErRtq1lkjtRoIzUeSNO': Simulated AI engine failure for index 3 — using fallback
2026-04-29T20:49:22.628+05:30  WARN 19084 --- [           main] com.gencatalog.service.CatalogService    : AI engine failed for product 'qUIrac9VFLuFFZzyoHjh42gV6bXmx0': Simulated AI engine failure for index 1 — using fallback
2026-04-29T20:49:22.629+05:30  WARN 19084 --- [           main] com.gencatalog.service.CatalogService    : AI engine failed for product 'bCDZv5T': Simulated AI engine failure for index 3 — using fallback
2026-04-29T20:49:22.633+05:30  WARN 19084 --- [           main] com.gencatalog.service.CatalogService    : AI engine failed for product 'xF7KfcoiOwD3AJzJz': Simulated AI engine failure for index 1 — using fallback
2026-04-29T20:49:22.634+05:30  WARN 19084 --- [           main] com.gencatalog.service.CatalogService    : AI engine failed for product 'UdF9aeIJMum1': Simulated AI engine failure for index 3 — using fallback
2026-04-29T20:49:22.637+05:30  WARN 19084 --- [           main] com.gencatalog.service.CatalogService    : AI engine failed for product 'lVLgYMfGCsUNj3gceew3IXPyGuNj': Simulated AI engine failure for index 1 — using fallback
2026-04-29T20:49:22.641+05:30  WARN 19084 --- [           main] com.gencatalog.service.CatalogService    : AI engine failed for product 'YSV7n2s5lje9KliSFX': Simulated AI engine failure for index 1 — using fallback
2026-04-29T20:49:22.642+05:30  WARN 19084 --- [           main] com.gencatalog.service.CatalogService    : AI engine failed for product 'Wt0WD': Simulated AI engine failure for index 3 — using fallback
2026-04-29T20:49:22.645+05:30  WARN 19084 --- [           main] com.gencatalog.service.CatalogService    : AI engine failed for product 'F2rfIO1pLqKVq2X6MM3Z1T0Q': Simulated AI engine failure for index 1 — using fallback
2026-04-29T20:49:22.645+05:30  WARN 19084 --- [           main] com.gencatalog.service.CatalogService    : AI engine failed for product 'jAgEcX2weHG3wMKyf1vm6': Simulated AI engine failure for index 3 — using fallback
2026-04-29T20:49:22.649+05:30  WARN 19084 --- [           main] com.gencatalog.service.CatalogService    : AI engine failed for product 'pum9LHVwwyxsAJzJl3GINB45': Simulated AI engine failure for index 1 — using fallback
2026-04-29T20:49:22.652+05:30  WARN 19084 --- [           main] com.gencatalog.service.CatalogService    : AI engine failed for product '1E59tKbFR8pU': Simulated AI engine failure for index 1 — using fallback
2026-04-29T20:49:22.653+05:30  WARN 19084 --- [           main] com.gencatalog.service.CatalogService    : AI engine failed for product 'MslwqQpAGUEM4BKh2qcsnld': Simulated AI engine failure for index 3 — using fallback
2026-04-29T20:49:22.654+05:30  WARN 19084 --- [           main] com.gencatalog.service.CatalogService    : AI engine failed for product '9gcSdOI': Simulated AI engine failure for index 1 — using fallback
2026-04-29T20:49:22.656+05:30  WARN 19084 --- [           main] com.gencatalog.service.CatalogService    : AI engine failed for product 'EdVobzicsZG96z': Simulated AI engine failure for index 1 — using fallback
2026-04-29T20:49:22.660+05:30  WARN 19084 --- [           main] com.gencatalog.service.CatalogService    : AI engine failed for product 'KDz': Simulated AI engine failure for index 1 — using fallback
2026-04-29T20:49:22.667+05:30  WARN 19084 --- [           main] com.gencatalog.service.CatalogService    : AI engine failed for product 'TYvudpuIu': Simulated AI engine failure for index 1 — using fallback
2026-04-29T20:49:22.669+05:30  WARN 19084 --- [           main] com.gencatalog.service.CatalogService    : AI engine failed for product 'D96fiVTFBY1L78vKpSmYIIJT8n0D5': Simulated AI engine failure for index 1 — using fallback
2026-04-29T20:49:22.671+05:30  WARN 19084 --- [           main] com.gencatalog.service.CatalogService    : AI engine failed for product 'mlJpZcOrtTxhbzjGgxLWnqVSjNB': Simulated AI engine failure for index 1 — using fallback
2026-04-29T20:49:22.672+05:30  WARN 19084 --- [           main] com.gencatalog.service.CatalogService    : AI engine failed for product '0': Simulated AI engine failure for index 3 — using fallback
2026-04-29T20:49:22.674+05:30  WARN 19084 --- [           main] com.gencatalog.service.CatalogService    : AI engine failed for product 'SdgfVUtNqiLHyfiYjPMuDtN6m': Simulated AI engine failure for index 1 — using fallback
2026-04-29T20:49:22.678+05:30  WARN 19084 --- [           main] com.gencatalog.service.CatalogService    : AI engine failed for product 'xGxdgudn1jRNTte6eh71oTQSKIvjGM': Simulated AI engine failure for index 1 — using fallback
2026-04-29T20:49:22.680+05:30  WARN 19084 --- [           main] com.gencatalog.service.CatalogService    : AI engine failed for product 'NVYHmgDI3UTYqqkJ0uOB40n70j': Simulated AI engine failure for index 1 — using fallback
2026-04-29T20:49:22.681+05:30  WARN 19084 --- [           main] com.gencatalog.service.CatalogService    : AI engine failed for product 'a': Simulated AI engine failure for index 3 — using fallback
2026-04-29T20:49:22.682+05:30  WARN 19084 --- [           main] com.gencatalog.service.CatalogService    : AI engine failed for product 'zq0n2z969NQ9SytZnYvHyQohk': Simulated AI engine failure for index 1 — using fallback
2026-04-29T20:49:22.685+05:30  WARN 19084 --- [           main] com.gencatalog.service.CatalogService    : AI engine failed for product 'oM': Simulated AI engine failure for index 1 — using fallback
2026-04-29T20:49:22.686+05:30  WARN 19084 --- [           main] com.gencatalog.service.CatalogService    : AI engine failed for product 'KB0DEOXe6Z87wMLy1kYSc1Y': Simulated AI engine failure for index 1 — using fallback
2026-04-29T20:49:22.688+05:30  WARN 19084 --- [           main] com.gencatalog.service.CatalogService    : AI engine failed for product 'z': Simulated AI engine failure for index 1 — using fallback
2026-04-29T20:49:22.690+05:30  WARN 19084 --- [           main] com.gencatalog.service.CatalogService    : AI engine failed for product 'a': Simulated AI engine failure for index 1 — using fallback
2026-04-29T20:49:22.691+05:30  WARN 19084 --- [           main] com.gencatalog.service.CatalogService    : AI engine failed for product 'M': Simulated AI engine failure for index 1 — using fallback
2026-04-29T20:49:22.694+05:30  WARN 19084 --- [           main] com.gencatalog.service.CatalogService    : AI engine failed for product 'kcyB89ZLLsRHsyQX8dE63': Simulated AI engine failure for index 1 — using fallback
2026-04-29T20:49:22.694+05:30  WARN 19084 --- [           main] com.gencatalog.service.CatalogService    : AI engine failed for product 'Z': Simulated AI engine failure for index 3 — using fallback
2026-04-29T20:49:22.696+05:30  WARN 19084 --- [           main] com.gencatalog.service.CatalogService    : AI engine failed for product 'rPz5NAWoxx0W0tp5e6Z8XlALbSTct': Simulated AI engine failure for index 1 — using fallback
2026-04-29T20:49:22.697+05:30  WARN 19084 --- [           main] com.gencatalog.service.CatalogService    : AI engine failed for product 'yrJ05mInY1XlfYmOMBY': Simulated AI engine failure for index 3 — using fallback
2026-04-29T20:49:22.700+05:30  WARN 19084 --- [           main] com.gencatalog.service.CatalogService    : AI engine failed for product 't2gYXLmm4lyE87hwPM4D3M': Simulated AI engine failure for index 1 — using fallback
2026-04-29T20:49:22.701+05:30  WARN 19084 --- [           main] com.gencatalog.service.CatalogService    : AI engine failed for product '9': Simulated AI engine failure for index 1 — using fallback
2026-04-29T20:49:22.705+05:30  WARN 19084 --- [           main] com.gencatalog.service.CatalogService    : AI engine failed for product 'Wai': Simulated AI engine failure for index 1 — using fallback
2026-04-29T20:49:22.705+05:30  WARN 19084 --- [           main] com.gencatalog.service.CatalogService    : AI engine failed for product 'k772OXGjeve4jlaIHuKQnpm22pz': Simulated AI engine failure for index 3 — using fallback
2026-04-29T20:49:22.707+05:30  WARN 19084 --- [           main] com.gencatalog.service.CatalogService    : AI engine failed for product 'K9eNoKQedwnJJe8Sbg8yZFpOQ': Simulated AI engine failure for index 1 — using fallback
2026-04-29T20:49:22.709+05:30  WARN 19084 --- [           main] com.gencatalog.service.CatalogService    : AI engine failed for product 'A': Simulated AI engine failure for index 1 — using fallback
2026-04-29T20:49:22.711+05:30  WARN 19084 --- [           main] com.gencatalog.service.CatalogService    : AI engine failed for product 'fPdgAGkjUJycqCOt4GcuAHxHmK': Simulated AI engine failure for index 1 — using fallback
2026-04-29T20:49:22.711+05:30  WARN 19084 --- [           main] com.gencatalog.service.CatalogService    : AI engine failed for product 'ivdTTduvbOv1B': Simulated AI engine failure for index 3 — using fallback
2026-04-29T20:49:22.713+05:30  WARN 19084 --- [           main] com.gencatalog.service.CatalogService    : AI engine failed for product 'yZmpIcKT': Simulated AI engine failure for index 1 — using fallback
2026-04-29T20:49:22.717+05:30  WARN 19084 --- [           main] com.gencatalog.service.CatalogService    : AI engine failed for product 'ObupDyMm3XjV2YNgj95nLw4pi': Simulated AI engine failure for index 1 — using fallback
2026-04-29T20:49:22.717+05:30  WARN 19084 --- [           main] com.gencatalog.service.CatalogService    : AI engine failed for product 'I7nmQT3p65i3KN84VRWDcoVYmcFCC': Simulated AI engine failure for index 3 — using fallback
2026-04-29T20:49:22.718+05:30  WARN 19084 --- [           main] com.gencatalog.service.CatalogService    : AI engine failed for product 'a': Simulated AI engine failure for index 1 — using fallback
2026-04-29T20:49:22.720+05:30  WARN 19084 --- [           main] com.gencatalog.service.CatalogService    : AI engine failed for product '0': Simulated AI engine failure for index 1 — using fallback
2026-04-29T20:49:22.720+05:30  WARN 19084 --- [           main] com.gencatalog.service.CatalogService    : AI engine failed for product 'tyUgBjQ': Simulated AI engine failure for index 3 — using fallback
2026-04-29T20:49:22.722+05:30  WARN 19084 --- [           main] com.gencatalog.service.CatalogService    : AI engine failed for product 'BAPH4j9UXMlNjx': Simulated AI engine failure for index 1 — using fallback
2026-04-29T20:49:22.722+05:30  WARN 19084 --- [           main] com.gencatalog.service.CatalogService    : AI engine failed for product 'MiXxwwS9kB59iOLaOLx': Simulated AI engine failure for index 3 — using fallback
2026-04-29T20:49:22.727+05:30  WARN 19084 --- [           main] com.gencatalog.service.CatalogService    : AI engine failed for product 'YQmlLOaekevGS1cwvgOPVeIQV2p6': Simulated AI engine failure for index 1 — using fallback
2026-04-29T20:49:22.727+05:30  WARN 19084 --- [           main] com.gencatalog.service.CatalogService    : AI engine failed for product 'Kx4iOdJRTK1yB2I': Simulated AI engine failure for index 3 — using fallback
2026-04-29T20:49:22.729+05:30  WARN 19084 --- [           main] com.gencatalog.service.CatalogService    : AI engine failed for product 'WtFM': Simulated AI engine failure for index 1 — using fallback
2026-04-29T20:49:22.732+05:30  WARN 19084 --- [           main] com.gencatalog.service.CatalogService    : AI engine failed for product '0': Simulated AI engine failure for index 1 — using fallback
2026-04-29T20:49:22.732+05:30  WARN 19084 --- [           main] com.gencatalog.service.CatalogService    : AI engine failed for product '9XIbGq1nWONCdyoTd8': Simulated AI engine failure for index 3 — using fallback
2026-04-29T20:49:22.734+05:30  WARN 19084 --- [           main] com.gencatalog.service.CatalogService    : AI engine failed for product '4OPaiXlok5BsB5yuN7NmvEs': Simulated AI engine failure for index 1 — using fallback
2026-04-29T20:49:22.734+05:30  WARN 19084 --- [           main] com.gencatalog.service.CatalogService    : AI engine failed for product 'Ky9uxD': Simulated AI engine failure for index 3 — using fallback
2026-04-29T20:49:22.736+05:30  WARN 19084 --- [           main] com.gencatalog.service.CatalogService    : AI engine failed for product 'fJLq87TMG5Jqo4uWfIWNA': Simulated AI engine failure for index 1 — using fallback
2026-04-29T20:49:22.736+05:30  WARN 19084 --- [           main] com.gencatalog.service.CatalogService    : AI engine failed for product 'tq86U0TKzBU2I': Simulated AI engine failure for index 3 — using fallback
2026-04-29T20:49:22.737+05:30  WARN 19084 --- [           main] com.gencatalog.service.CatalogService    : AI engine failed for product 'k94J4X7viUJwQ9e63Wax4uS1oax': Simulated AI engine failure for index 1 — using fallback
2026-04-29T20:49:22.737+05:30  WARN 19084 --- [           main] com.gencatalog.service.CatalogService    : AI engine failed for product 'nhMfLszjuMKeYgC': Simulated AI engine failure for index 3 — using fallback
2026-04-29T20:49:22.739+05:30  WARN 19084 --- [           main] com.gencatalog.service.CatalogService    : AI engine failed for product 'Z': Simulated AI engine failure for index 1 — using fallback
2026-04-29T20:49:22.740+05:30  WARN 19084 --- [           main] com.gencatalog.service.CatalogService    : AI engine failed for product '8ToO9UZE': Simulated AI engine failure for index 3 — using fallback
2026-04-29T20:49:22.741+05:30  WARN 19084 --- [           main] com.gencatalog.service.CatalogService    : AI engine failed for product '8WGBXaoAbnCj4': Simulated AI engine failure for index 1 — using fallback
2026-04-29T20:49:22.741+05:30  WARN 19084 --- [           main] com.gencatalog.service.CatalogService    : AI engine failed for product 'kkEYwyuxzrKwEyx2D752jGuSzGiiy5': Simulated AI engine failure for index 3 — using fallback
2026-04-29T20:49:22.742+05:30  WARN 19084 --- [           main] com.gencatalog.service.CatalogService    : AI engine failed for product 'AXh1XKYJoQ1XhNpCDQv4pF0N3': Simulated AI engine failure for index 1 — using fallback
2026-04-29T20:49:22.743+05:30  WARN 19084 --- [           main] com.gencatalog.service.CatalogService    : AI engine failed for product 'Vj3c9IOLeFks3BJp3p': Simulated AI engine failure for index 1 — using fallback
2026-04-29T20:49:22.744+05:30  WARN 19084 --- [           main] com.gencatalog.service.CatalogService    : AI engine failed for product 'p58f7HUZNJCK651npQyvjwvaQm': Simulated AI engine failure for index 1 — using fallback
2026-04-29T20:49:22.744+05:30  WARN 19084 --- [           main] com.gencatalog.service.CatalogService    : AI engine failed for product 'QCuN9muiPJMB4': Simulated AI engine failure for index 1 — using fallback
2026-04-29T20:49:22.744+05:30  WARN 19084 --- [           main] com.gencatalog.service.CatalogService    : AI engine failed for product 'A': Simulated AI engine failure for index 3 — using fallback
2026-04-29T20:49:22.756+05:30  WARN 19084 --- [           main] com.gencatalog.service.CatalogService    : AI engine failed for product '9': Simulated AI engine failure for index 1 — using fallback
2026-04-29T20:49:22.759+05:30  WARN 19084 --- [           main] com.gencatalog.service.CatalogService    : AI engine failed for product 'XN': Simulated AI engine failure for index 1 — using fallback
2026-04-29T20:49:22.760+05:30  WARN 19084 --- [           main] com.gencatalog.service.CatalogService    : AI engine failed for product 'Z': Simulated AI engine failure for index 1 — using fallback
2026-04-29T20:49:22.760+05:30  WARN 19084 --- [           main] com.gencatalog.service.CatalogService    : AI engine failed for product 'F5WLbN3NwibBoDrpsBft': Simulated AI engine failure for index 3 — using fallback
2026-04-29T20:49:22.762+05:30  WARN 19084 --- [           main] com.gencatalog.service.CatalogService    : AI engine failed for product '6GocrP2AMxtNPGd': Simulated AI engine failure for index 1 — using fallback
2026-04-29T20:49:22.763+05:30  WARN 19084 --- [           main] com.gencatalog.service.CatalogService    : AI engine failed for product 'xXunNh9XnWcP0q': Simulated AI engine failure for index 1 — using fallback
2026-04-29T20:49:22.768+05:30  WARN 19084 --- [           main] com.gencatalog.service.CatalogService    : AI engine failed for product 'DAesF': Simulated AI engine failure for index 1 — using fallback
2026-04-29T20:49:22.769+05:30  WARN 19084 --- [           main] com.gencatalog.service.CatalogService    : AI engine failed for product 'uTQn2V4G': Simulated AI engine failure for index 3 — using fallback
2026-04-29T20:49:22.771+05:30  WARN 19084 --- [           main] com.gencatalog.service.CatalogService    : AI engine failed for product '2t6MmgJqI': Simulated AI engine failure for index 1 — using fallback
2026-04-29T20:49:22.774+05:30  WARN 19084 --- [           main] com.gencatalog.service.CatalogService    : AI engine failed for product 'fzZj5PzVd': Simulated AI engine failure for index 1 — using fallback
2026-04-29T20:49:22.775+05:30  WARN 19084 --- [           main] com.gencatalog.service.CatalogService    : AI engine failed for product 'l4L4Urm4ro20rhdS11KvM': Simulated AI engine failure for index 3 — using fallback
2026-04-29T20:49:22.776+05:30  WARN 19084 --- [           main] com.gencatalog.service.CatalogService    : AI engine failed for product 'fxPHLrAZSiJH': Simulated AI engine failure for index 1 — using fallback
2026-04-29T20:49:22.776+05:30  WARN 19084 --- [           main] com.gencatalog.service.CatalogService    : AI engine failed for product 'Z': Simulated AI engine failure for index 3 — using fallback
2026-04-29T20:49:22.778+05:30  WARN 19084 --- [           main] com.gencatalog.service.CatalogService    : AI engine failed for product '4veYmtqsRJtqak': Simulated AI engine failure for index 1 — using fallback
2026-04-29T20:49:22.778+05:30  WARN 19084 --- [           main] com.gencatalog.service.CatalogService    : AI engine failed for product 'DuJ4vn76ddnXOazoS1gPoHOBd8': Simulated AI engine failure for index 3 — using fallback
2026-04-29T20:49:22.779+05:30  WARN 19084 --- [           main] com.gencatalog.service.CatalogService    : AI engine failed for product 'H6eHAopyVaHsDWKx': Simulated AI engine failure for index 1 — using fallback
2026-04-29T20:49:22.780+05:30  WARN 19084 --- [           main] com.gencatalog.service.CatalogService    : AI engine failed for product '9': Simulated AI engine failure for index 1 — using fallback
2026-04-29T20:49:22.785+05:30  WARN 19084 --- [           main] com.gencatalog.service.CatalogService    : AI engine failed for product 'o': Simulated AI engine failure for index 1 — using fallback
2026-04-29T20:49:22.788+05:30  WARN 19084 --- [           main] com.gencatalog.service.CatalogService    : AI engine failed for product '1I2QrTsN3Y': Simulated AI engine failure for index 1 — using fallback
2026-04-29T20:49:22.790+05:30  WARN 19084 --- [           main] com.gencatalog.service.CatalogService    : AI engine failed for product 'bGbUHhaR': Simulated AI engine failure for index 1 — using fallback
2026-04-29T20:49:22.792+05:30  WARN 19084 --- [           main] com.gencatalog.service.CatalogService    : AI engine failed for product 'LtJRlhljBYv9vsOsyM': Simulated AI engine failure for index 1 — using fallback
2026-04-29T20:49:22.792+05:30  WARN 19084 --- [           main] com.gencatalog.service.CatalogService    : AI engine failed for product 'z': Simulated AI engine failure for index 3 — using fallback
2026-04-29T20:49:22.793+05:30  WARN 19084 --- [           main] com.gencatalog.service.CatalogService    : AI engine failed for product '9': Simulated AI engine failure for index 1 — using fallback
2026-04-29T20:49:22.795+05:30  WARN 19084 --- [           main] com.gencatalog.service.CatalogService    : AI engine failed for product 'TmuQtUZWc8S8zaRyTinyS': Simulated AI engine failure for index 1 — using fallback
2026-04-29T20:49:22.796+05:30  WARN 19084 --- [           main] com.gencatalog.service.CatalogService    : AI engine failed for product 'afaeqLKv': Simulated AI engine failure for index 1 — using fallback
2026-04-29T20:49:22.814+05:30  WARN 19084 --- [           main] com.gencatalog.service.CatalogService    : AI engine failed for product '01WL': Simulated AI engine failure for index 1 — using fallback
2026-04-29T20:49:22.815+05:30  WARN 19084 --- [           main] com.gencatalog.service.CatalogService    : AI engine failed for product 'FNCVMhqAo8zfGElQl1ET1yl4dpHedG': Simulated AI engine failure for index 3 — using fallback
2026-04-29T20:49:22.818+05:30  WARN 19084 --- [           main] com.gencatalog.service.CatalogService    : AI engine failed for product 'Z': Simulated AI engine failure for index 1 — using fallback
2026-04-29T20:49:22.820+05:30  WARN 19084 --- [           main] com.gencatalog.service.CatalogService    : AI engine failed for product 'Hy4OMhI': Simulated AI engine failure for index 1 — using fallback
2026-04-29T20:49:22.822+05:30  WARN 19084 --- [           main] com.gencatalog.service.CatalogService    : AI engine failed for product 'csFL3uMkqvL1jRsfCVt': Simulated AI engine failure for index 1 — using fallback
2026-04-29T20:49:22.824+05:30  WARN 19084 --- [           main] com.gencatalog.service.CatalogService    : AI engine failed for product '8noPmE3olc0bm36nH': Simulated AI engine failure for index 1 — using fallback
2026-04-29T20:49:22.824+05:30  WARN 19084 --- [           main] com.gencatalog.service.CatalogService    : AI engine failed for product 'KG3gmGicAVp7eKpuDGuWUTjs6': Simulated AI engine failure for index 3 — using fallback
2026-04-29T20:49:22.825+05:30  WARN 19084 --- [           main] com.gencatalog.service.CatalogService    : AI engine failed for product 'JYOz1F9': Simulated AI engine failure for index 1 — using fallback
2026-04-29T20:49:22.827+05:30  WARN 19084 --- [           main] com.gencatalog.service.CatalogService    : AI engine failed for product 'c0zNu': Simulated AI engine failure for index 1 — using fallback
2026-04-29T20:49:22.828+05:30  WARN 19084 --- [           main] com.gencatalog.service.CatalogService    : AI engine failed for product '0i87pc': Simulated AI engine failure for index 1 — using fallback
2026-04-29T20:49:22.829+05:30  WARN 19084 --- [           main] com.gencatalog.service.CatalogService    : AI engine failed for product 'taDphBjJBsltuHAXF3AmVT9': Simulated AI engine failure for index 1 — using fallback
2026-04-29T20:49:22.830+05:30  WARN 19084 --- [           main] com.gencatalog.service.CatalogService    : AI engine failed for product 'Ax0kvzRQrJ76PRmAJKgqa': Simulated AI engine failure for index 1 — using fallback
2026-04-29T20:49:22.830+05:30  WARN 19084 --- [           main] com.gencatalog.service.CatalogService    : AI engine failed for product 'vszd': Simulated AI engine failure for index 3 — using fallback
2026-04-29T20:49:22.832+05:30  WARN 19084 --- [           main] com.gencatalog.service.CatalogService    : AI engine failed for product 'YaDhcRGrrze7GMCxiyPSgd': Simulated AI engine failure for index 1 — using fallback
2026-04-29T20:49:22.833+05:30  WARN 19084 --- [           main] com.gencatalog.service.CatalogService    : AI engine failed for product 'Z': Simulated AI engine failure for index 3 — using fallback
2026-04-29T20:49:22.833+05:30  WARN 19084 --- [           main] com.gencatalog.service.CatalogService    : AI engine failed for product 'ckjspTzEyvz3C': Simulated AI engine failure for index 1 — using fallback
2026-04-29T20:49:22.834+05:30  WARN 19084 --- [           main] com.gencatalog.service.CatalogService    : AI engine failed for product 'VoCiVvzK7c': Simulated AI engine failure for index 1 — using fallback
2026-04-29T20:49:22.835+05:30  WARN 19084 --- [           main] com.gencatalog.service.CatalogService    : AI engine failed for product 'LIjVXKS4ZR0KplUVW2N1Inw4W5t': Simulated AI engine failure for index 1 — using fallback
2026-04-29T20:49:22.836+05:30  WARN 19084 --- [           main] com.gencatalog.service.CatalogService    : AI engine failed for product 'iuu7B8C0u5': Simulated AI engine failure for index 1 — using fallback
2026-04-29T20:49:22.837+05:30  WARN 19084 --- [           main] com.gencatalog.service.CatalogService    : AI engine failed for product 'JCuLerJ': Simulated AI engine failure for index 1 — using fallback
2026-04-29T20:49:22.838+05:30  WARN 19084 --- [           main] com.gencatalog.service.CatalogService    : AI engine failed for product 'IwVbEyJnJFiqlD0LtHEDkgu4X5OB4Q': Simulated AI engine failure for index 1 — using fallback
2026-04-29T20:49:22.838+05:30  WARN 19084 --- [           main] com.gencatalog.service.CatalogService    : AI engine failed for product 'Y': Simulated AI engine failure for index 3 — using fallback
2026-04-29T20:49:22.840+05:30  WARN 19084 --- [           main] com.gencatalog.service.CatalogService    : AI engine failed for product 'KTtKUOoLfZkZAux': Simulated AI engine failure for index 1 — using fallback
2026-04-29T20:49:22.841+05:30  WARN 19084 --- [           main] com.gencatalog.service.CatalogService    : AI engine failed for product 'A': Simulated AI engine failure for index 1 — using fallback
2026-04-29T20:49:22.844+05:30  WARN 19084 --- [           main] com.gencatalog.service.CatalogService    : AI engine failed for product 'hsuhHNlj0StltytwmGNNt': Simulated AI engine failure for index 1 — using fallback
2026-04-29T20:49:22.844+05:30  WARN 19084 --- [           main] com.gencatalog.service.CatalogService    : AI engine failed for product 'djc9wlf': Simulated AI engine failure for index 3 — using fallback
2026-04-29T20:49:22.845+05:30  WARN 19084 --- [           main] com.gencatalog.service.CatalogService    : AI engine failed for product 'OgGB9BX1p5Kn94p6STSMq': Simulated AI engine failure for index 1 — using fallback
2026-04-29T20:49:22.846+05:30  WARN 19084 --- [           main] com.gencatalog.service.CatalogService    : AI engine failed for product 'ZuObN': Simulated AI engine failure for index 1 — using fallback
2026-04-29T20:49:22.847+05:30  WARN 19084 --- [           main] com.gencatalog.service.CatalogService    : AI engine failed for product 'q1Lh3X': Simulated AI engine failure for index 1 — using fallback
2026-04-29T20:49:22.848+05:30  WARN 19084 --- [           main] com.gencatalog.service.CatalogService    : AI engine failed for product 'ShkHpNKqY2UwAa0dncWexL': Simulated AI engine failure for index 1 — using fallback
2026-04-29T20:49:22.849+05:30  WARN 19084 --- [           main] com.gencatalog.service.CatalogService    : AI engine failed for product '9': Simulated AI engine failure for index 1 — using fallback
2026-04-29T20:49:22.850+05:30  WARN 19084 --- [           main] com.gencatalog.service.CatalogService    : AI engine failed for product 'bWSwBwBdvpDIjR': Simulated AI engine failure for index 1 — using fallback
2026-04-29T20:49:22.852+05:30  WARN 19084 --- [           main] com.gencatalog.service.CatalogService    : AI engine failed for product 'rOTuY9znXnBs15mGq': Simulated AI engine failure for index 3 — using fallback
2026-04-29T20:49:22.852+05:30  WARN 19084 --- [           main] com.gencatalog.service.CatalogService    : AI engine failed for product 'x3ZgqnrRh5U6O': Simulated AI engine failure for index 1 — using fallback
2026-04-29T20:49:22.854+05:30  WARN 19084 --- [           main] com.gencatalog.service.CatalogService    : AI engine failed for product 'l5fZsqruPJYKeXpQawCWhH': Simulated AI engine failure for index 1 — using fallback
2026-04-29T20:49:22.854+05:30  WARN 19084 --- [           main] com.gencatalog.service.CatalogService    : AI engine failed for product 'vx': Simulated AI engine failure for index 3 — using fallback
2026-04-29T20:49:22.855+05:30  WARN 19084 --- [           main] com.gencatalog.service.CatalogService    : AI engine failed for product 'IqiXcuhTG': Simulated AI engine failure for index 1 — using fallback
2026-04-29T20:49:22.857+05:30  WARN 19084 --- [           main] com.gencatalog.service.CatalogService    : AI engine failed for product '0': Simulated AI engine failure for index 1 — using fallback
2026-04-29T20:49:22.857+05:30  WARN 19084 --- [           main] com.gencatalog.service.CatalogService    : AI engine failed for product 'UaapMrxnDvbunW': Simulated AI engine failure for index 1 — using fallback
2026-04-29T20:49:22.858+05:30  WARN 19084 --- [           main] com.gencatalog.service.CatalogService    : AI engine failed for product 'V23syIluZ': Simulated AI engine failure for index 1 — using fallback
2026-04-29T20:49:22.860+05:30  WARN 19084 --- [           main] com.gencatalog.service.CatalogService    : AI engine failed for product 'fupwVk4FQRXh0gNVVSn': Simulated AI engine failure for index 1 — using fallback
2026-04-29T20:49:22.861+05:30  WARN 19084 --- [           main] com.gencatalog.service.CatalogService    : AI engine failed for product 'V1rtOVuej90NJVyUhLbD': Simulated AI engine failure for index 1 — using fallback
2026-04-29T20:49:22.862+05:30  WARN 19084 --- [           main] com.gencatalog.service.CatalogService    : AI engine failed for product 'LrN': Simulated AI engine failure for index 3 — using fallback
2026-04-29T20:49:22.862+05:30  WARN 19084 --- [           main] com.gencatalog.service.CatalogService    : AI engine failed for product '0': Simulated AI engine failure for index 1 — using fallback
2026-04-29T20:49:22.863+05:30  WARN 19084 --- [           main] com.gencatalog.service.CatalogService    : AI engine failed for product 'QrUOXCDYhXxtzBKWCmR': Simulated AI engine failure for index 1 — using fallback
2026-04-29T20:49:22.863+05:30  WARN 19084 --- [           main] com.gencatalog.service.CatalogService    : AI engine failed for product 'laNhRp41e9MGobnunK': Simulated AI engine failure for index 3 — using fallback
2026-04-29T20:49:22.865+05:30  WARN 19084 --- [           main] com.gencatalog.service.CatalogService    : AI engine failed for product 'gYBMVcDngNNNRSwEwXR9Oo2O': Simulated AI engine failure for index 1 — using fallback
2026-04-29T20:49:22.865+05:30  WARN 19084 --- [           main] com.gencatalog.service.CatalogService    : AI engine failed for product 'fwhPYCd6iPYWZblR': Simulated AI engine failure for index 3 — using fallback
2026-04-29T20:49:22.866+05:30  WARN 19084 --- [           main] com.gencatalog.service.CatalogService    : AI engine failed for product 'o8c5mMvv9tAKnCK': Simulated AI engine failure for index 1 — using fallback
2026-04-29T20:49:22.866+05:30  WARN 19084 --- [           main] com.gencatalog.service.CatalogService    : AI engine failed for product 'n5wDSvTIZujfe': Simulated AI engine failure for index 3 — using fallback
2026-04-29T20:49:22.867+05:30  WARN 19084 --- [           main] com.gencatalog.service.CatalogService    : AI engine failed for product 'n3': Simulated AI engine failure for index 1 — using fallback
2026-04-29T20:49:22.867+05:30  WARN 19084 --- [           main] com.gencatalog.service.CatalogService    : AI engine failed for product 'z': Simulated AI engine failure for index 3 — using fallback
2026-04-29T20:49:22.868+05:30  WARN 19084 --- [           main] com.gencatalog.service.CatalogService    : AI engine failed for product '3RHglBTUjO9VvySJdxptOFT5ip3': Simulated AI engine failure for index 1 — using fallback
2026-04-29T20:49:22.868+05:30  WARN 19084 --- [           main] com.gencatalog.service.CatalogService    : AI engine failed for product 'Z': Simulated AI engine failure for index 3 — using fallback
2026-04-29T20:49:22.868+05:30  WARN 19084 --- [           main] com.gencatalog.service.CatalogService    : AI engine failed for product 'yBTBtuLcqbxWPFlmSv5NY7zZt': Simulated AI engine failure for index 1 — using fallback
2026-04-29T20:49:22.870+05:30  WARN 19084 --- [           main] com.gencatalog.service.CatalogService    : AI engine failed for product 'A': Simulated AI engine failure for index 1 — using fallback
2026-04-29T20:49:22.871+05:30  WARN 19084 --- [           main] com.gencatalog.service.CatalogService    : AI engine failed for product 'kaWQbIonzEZ8pC1dcoXet': Simulated AI engine failure for index 1 — using fallback
2026-04-29T20:49:22.873+05:30  WARN 19084 --- [           main] com.gencatalog.service.CatalogService    : AI engine failed for product 'TbydUVoQEYNY7VU8JRwG0kKhpEEt': Simulated AI engine failure for index 1 — using fallback
2026-04-29T20:49:22.873+05:30  WARN 19084 --- [           main] com.gencatalog.service.CatalogService    : AI engine failed for product 'KfPM': Simulated AI engine failure for index 3 — using fallback
2026-04-29T20:49:22.875+05:30  WARN 19084 --- [           main] com.gencatalog.service.CatalogService    : AI engine failed for product 'UWUqV1Ms3QrOycXwBTIQDYhK': Simulated AI engine failure for index 1 — using fallback
2026-04-29T20:49:22.875+05:30  WARN 19084 --- [           main] com.gencatalog.service.CatalogService    : AI engine failed for product '8o': Simulated AI engine failure for index 3 — using fallback
2026-04-29T20:49:22.877+05:30  WARN 19084 --- [           main] com.gencatalog.service.CatalogService    : AI engine failed for product 'bwAFuUPa2Rq': Simulated AI engine failure for index 1 — using fallback
2026-04-29T20:49:22.878+05:30  WARN 19084 --- [           main] com.gencatalog.service.CatalogService    : AI engine failed for product 'qtktStgHzo5yA4xX': Simulated AI engine failure for index 1 — using fallback
2026-04-29T20:49:22.879+05:30  WARN 19084 --- [           main] com.gencatalog.service.CatalogService    : AI engine failed for product 'XOJTQv0BRKgD8LthEUOYYXe7GSJS': Simulated AI engine failure for index 1 — using fallback
2026-04-29T20:49:22.879+05:30  WARN 19084 --- [           main] com.gencatalog.service.CatalogService    : AI engine failed for product 'FG9': Simulated AI engine failure for index 3 — using fallback
2026-04-29T20:49:22.880+05:30  WARN 19084 --- [           main] com.gencatalog.service.CatalogService    : AI engine failed for product 'CFdWmKqOFYllfQE': Simulated AI engine failure for index 1 — using fallback
2026-04-29T20:49:22.880+05:30  WARN 19084 --- [           main] com.gencatalog.service.CatalogService    : AI engine failed for product 'igMUEI8c1ne61CKcurmBcdlZi': Simulated AI engine failure for index 3 — using fallback
2026-04-29T20:49:22.881+05:30  WARN 19084 --- [           main] com.gencatalog.service.CatalogService    : AI engine failed for product '3i7uS': Simulated AI engine failure for index 1 — using fallback
2026-04-29T20:49:22.883+05:30  WARN 19084 --- [           main] com.gencatalog.service.CatalogService    : AI engine failed for product 'V8QzSNMLRhiirUPyTzBhF': Simulated AI engine failure for index 1 — using fallback
2026-04-29T20:49:22.884+05:30  WARN 19084 --- [           main] com.gencatalog.service.CatalogService    : AI engine failed for product '2S': Simulated AI engine failure for index 3 — using fallback
2026-04-29T20:49:22.885+05:30  WARN 19084 --- [           main] com.gencatalog.service.CatalogService    : AI engine failed for product 'k': Simulated AI engine failure for index 1 — using fallback
2026-04-29T20:49:22.885+05:30  WARN 19084 --- [           main] com.gencatalog.service.CatalogService    : AI engine failed for product 'Hr': Simulated AI engine failure for index 3 — using fallback
2026-04-29T20:49:22.886+05:30  WARN 19084 --- [           main] com.gencatalog.service.CatalogService    : AI engine failed for product '2KMKHuxWbqa5o7hb': Simulated AI engine failure for index 1 — using fallback
2026-04-29T20:49:22.887+05:30  WARN 19084 --- [           main] com.gencatalog.service.CatalogService    : AI engine failed for product 'l2oGkLH': Simulated AI engine failure for index 3 — using fallback
2026-04-29T20:49:22.887+05:30  WARN 19084 --- [           main] com.gencatalog.service.CatalogService    : AI engine failed for product 'qYEk4WbwVue63p8idQGfTpboFAg': Simulated AI engine failure for index 1 — using fallback
2026-04-29T20:49:22.888+05:30  WARN 19084 --- [           main] com.gencatalog.service.CatalogService    : AI engine failed for product 'oyLYFJRRdaCn7Gq2qGu9L0HgT': Simulated AI engine failure for index 1 — using fallback
2026-04-29T20:49:22.888+05:30  WARN 19084 --- [           main] com.gencatalog.service.CatalogService    : AI engine failed for product 'pWAu3WX1iy6TWdZXikv4y': Simulated AI engine failure for index 3 — using fallback
2026-04-29T20:49:22.889+05:30  WARN 19084 --- [           main] com.gencatalog.service.CatalogService    : AI engine failed for product '75Jx5v': Simulated AI engine failure for index 1 — using fallback
2026-04-29T20:49:22.889+05:30  WARN 19084 --- [           main] com.gencatalog.service.CatalogService    : AI engine failed for product 'NNnJBVacMsrl97KtqfYb': Simulated AI engine failure for index 3 — using fallback
2026-04-29T20:49:22.891+05:30  WARN 19084 --- [           main] com.gencatalog.service.CatalogService    : AI engine failed for product 'saOoTKkKadroynM': Simulated AI engine failure for index 1 — using fallback
2026-04-29T20:49:22.891+05:30  WARN 19084 --- [           main] com.gencatalog.service.CatalogService    : AI engine failed for product 'dU25Jwn5DG0qfHhGMotL8vDvaboYfZ': Simulated AI engine failure for index 3 — using fallback
2026-04-29T20:49:22.891+05:30  WARN 19084 --- [           main] com.gencatalog.service.CatalogService    : AI engine failed for product 'YHUWKnCOEgsD9G5': Simulated AI engine failure for index 1 — using fallback
2026-04-29T20:49:22.892+05:30  WARN 19084 --- [           main] com.gencatalog.service.CatalogService    : AI engine failed for product 'sDH': Simulated AI engine failure for index 1 — using fallback
2026-04-29T20:49:22.893+05:30  WARN 19084 --- [           main] com.gencatalog.service.CatalogService    : AI engine failed for product '9': Simulated AI engine failure for index 1 — using fallback
2026-04-29T20:49:22.893+05:30  WARN 19084 --- [           main] com.gencatalog.service.CatalogService    : AI engine failed for product 'a': Simulated AI engine failure for index 1 — using fallback
2026-04-29T20:49:22.893+05:30  WARN 19084 --- [           main] com.gencatalog.service.CatalogService    : AI engine failed for product 'N': Simulated AI engine failure for index 3 — using fallback
2026-04-29T20:49:22.894+05:30  WARN 19084 --- [           main] com.gencatalog.service.CatalogService    : AI engine failed for product 'zX0LO6H8PjStDA6Zd27L1zZ': Simulated AI engine failure for index 1 — using fallback
2026-04-29T20:49:22.895+05:30  WARN 19084 --- [           main] com.gencatalog.service.CatalogService    : AI engine failed for product 'CV0IZ': Simulated AI engine failure for index 1 — using fallback
2026-04-29T20:49:22.895+05:30  WARN 19084 --- [           main] com.gencatalog.service.CatalogService    : AI engine failed for product 'q6TrX5KA4PtDZ1uS2scQB5EYve9i': Simulated AI engine failure for index 3 — using fallback
2026-04-29T20:49:22.895+05:30  WARN 19084 --- [           main] com.gencatalog.service.CatalogService    : AI engine failed for product 'rJ2Xmv6Iee07U': Simulated AI engine failure for index 1 — using fallback
2026-04-29T20:49:22.896+05:30  WARN 19084 --- [           main] com.gencatalog.service.CatalogService    : AI engine failed for product 'Z': Simulated AI engine failure for index 3 — using fallback
2026-04-29T20:49:22.896+05:30  WARN 19084 --- [           main] com.gencatalog.service.CatalogService    : AI engine failed for product 'a': Simulated AI engine failure for index 1 — using fallback
2026-04-29T20:49:22.896+05:30  WARN 19084 --- [           main] com.gencatalog.service.CatalogService    : AI engine failed for product 'ESJ36': Simulated AI engine failure for index 3 — using fallback
2026-04-29T20:49:22.896+05:30  WARN 19084 --- [           main] com.gencatalog.service.CatalogService    : AI engine failed for product 'A': Simulated AI engine failure for index 1 — using fallback
2026-04-29T20:49:22.897+05:30  WARN 19084 --- [           main] com.gencatalog.service.CatalogService    : AI engine failed for product 'Z': Simulated AI engine failure for index 1 — using fallback
2026-04-29T20:49:22.897+05:30  WARN 19084 --- [           main] com.gencatalog.service.CatalogService    : AI engine failed for product 'z': Simulated AI engine failure for index 1 — using fallback
2026-04-29T20:49:22.898+05:30  WARN 19084 --- [           main] com.gencatalog.service.CatalogService    : AI engine failed for product 'rDqAHKvIiHi22UmcRp': Simulated AI engine failure for index 1 — using fallback
2026-04-29T20:49:22.900+05:30  WARN 19084 --- [           main] com.gencatalog.service.CatalogService    : AI engine failed for product 'z4i3evZLs02MItauFbDSZ': Simulated AI engine failure for index 1 — using fallback
2026-04-29T20:49:22.900+05:30  WARN 19084 --- [           main] com.gencatalog.service.CatalogService    : AI engine failed for product '0P3iE': Simulated AI engine failure for index 3 — using fallback
2026-04-29T20:49:22.901+05:30  WARN 19084 --- [           main] com.gencatalog.service.CatalogService    : AI engine failed for product 'ubqikWDvLnPK5X3AgtO2wBe2kET7E': Simulated AI engine failure for index 1 — using fallback
2026-04-29T20:49:22.901+05:30  WARN 19084 --- [           main] com.gencatalog.service.CatalogService    : AI engine failed for product 'Z': Simulated AI engine failure for index 3 — using fallback
2026-04-29T20:49:22.902+05:30  WARN 19084 --- [           main] com.gencatalog.service.CatalogService    : AI engine failed for product 'a': Simulated AI engine failure for index 1 — using fallback
2026-04-29T20:49:22.902+05:30  WARN 19084 --- [           main] com.gencatalog.service.CatalogService    : AI engine failed for product 'nm2RJV4vml5XgQDsZSHr9saESWxFDn': Simulated AI engine failure for index 1 — using fallback
2026-04-29T20:49:22.903+05:30  WARN 19084 --- [           main] com.gencatalog.service.CatalogService    : AI engine failed for product 'UqoK6': Simulated AI engine failure for index 1 — using fallback
2026-04-29T20:49:22.903+05:30  WARN 19084 --- [           main] com.gencatalog.service.CatalogService    : AI engine failed for product 'OyC7QPo0cvobL': Simulated AI engine failure for index 1 — using fallback
2026-04-29T20:49:22.903+05:30  WARN 19084 --- [           main] com.gencatalog.service.CatalogService    : AI engine failed for product '9': Simulated AI engine failure for index 3 — using fallback
2026-04-29T20:49:22.904+05:30  WARN 19084 --- [           main] com.gencatalog.service.CatalogService    : AI engine failed for product 'KWlHYXLjZYKArfPLzeY4j2NaAdTY': Simulated AI engine failure for index 1 — using fallback
2026-04-29T20:49:22.904+05:30  WARN 19084 --- [           main] com.gencatalog.service.CatalogService    : AI engine failed for product 'mi6d0eYnTyC7AoVM5IAzoNwr': Simulated AI engine failure for index 1 — using fallback
2026-04-29T20:49:22.906+05:30  WARN 19084 --- [           main] com.gencatalog.service.CatalogService    : AI engine failed for product '0': Simulated AI engine failure for index 1 — using fallback
2026-04-29T20:49:22.908+05:30  WARN 19084 --- [           main] com.gencatalog.service.CatalogService    : AI engine failed for product '0AKzDgXYH4NwEBeJond': Simulated AI engine failure for index 1 — using fallback
2026-04-29T20:49:22.908+05:30  WARN 19084 --- [           main] com.gencatalog.service.CatalogService    : AI engine failed for product 'I8K': Simulated AI engine failure for index 1 — using fallback
2026-04-29T20:49:22.909+05:30  WARN 19084 --- [           main] com.gencatalog.service.CatalogService    : AI engine failed for product 'VHgp99S9bfut9bIH': Simulated AI engine failure for index 3 — using fallback
2026-04-29T20:49:22.909+05:30  WARN 19084 --- [           main] com.gencatalog.service.CatalogService    : AI engine failed for product 'xBbJHVIC0UU': Simulated AI engine failure for index 1 — using fallback
2026-04-29T20:49:22.909+05:30  WARN 19084 --- [           main] com.gencatalog.service.CatalogService    : AI engine failed for product 'kxJRnVw340ip0Jj': Simulated AI engine failure for index 3 — using fallback
2026-04-29T20:49:22.910+05:30  WARN 19084 --- [           main] com.gencatalog.service.CatalogService    : AI engine failed for product '03': Simulated AI engine failure for index 1 — using fallback
2026-04-29T20:49:22.910+05:30  WARN 19084 --- [           main] com.gencatalog.service.CatalogService    : AI engine failed for product 'vvkh0SORsJClDLJ7n': Simulated AI engine failure for index 3 — using fallback
2026-04-29T20:49:22.910+05:30  WARN 19084 --- [           main] com.gencatalog.service.CatalogService    : AI engine failed for product 'tlpkH6qyEr': Simulated AI engine failure for index 1 — using fallback
2026-04-29T20:49:22.911+05:30  WARN 19084 --- [           main] com.gencatalog.service.CatalogService    : AI engine failed for product 'qRExA': Simulated AI engine failure for index 1 — using fallback
2026-04-29T20:49:22.911+05:30  WARN 19084 --- [           main] com.gencatalog.service.CatalogService    : AI engine failed for product 'DyQGb28e4FmOzGdscxMfDUbWSIkdO': Simulated AI engine failure for index 3 — using fallback
2026-04-29T20:49:22.911+05:30  WARN 19084 --- [           main] com.gencatalog.service.CatalogService    : AI engine failed for product 'M0CQlXKiLPP67RGvEy2dHHeZVW': Simulated AI engine failure for index 1 — using fallback
2026-04-29T20:49:22.911+05:30  WARN 19084 --- [           main] com.gencatalog.service.CatalogService    : AI engine failed for product 'LKGveE7FCzLkVeM7hqhO': Simulated AI engine failure for index 3 — using fallback
2026-04-29T20:49:22.912+05:30  WARN 19084 --- [           main] com.gencatalog.service.CatalogService    : AI engine failed for product 'I5x': Simulated AI engine failure for index 1 — using fallback
2026-04-29T20:49:22.912+05:30  WARN 19084 --- [           main] com.gencatalog.service.CatalogService    : AI engine failed for product 'a': Simulated AI engine failure for index 1 — using fallback
2026-04-29T20:49:22.913+05:30  WARN 19084 --- [           main] com.gencatalog.service.CatalogService    : AI engine failed for product '9': Simulated AI engine failure for index 1 — using fallback
2026-04-29T20:49:22.913+05:30  WARN 19084 --- [           main] com.gencatalog.service.CatalogService    : AI engine failed for product 'R1Ns': Simulated AI engine failure for index 3 — using fallback
2026-04-29T20:49:22.913+05:30  WARN 19084 --- [           main] com.gencatalog.service.CatalogService    : AI engine failed for product 'cSt7QC': Simulated AI engine failure for index 1 — using fallback
2026-04-29T20:49:22.914+05:30  WARN 19084 --- [           main] com.gencatalog.service.CatalogService    : AI engine failed for product 'AWn3k8tBemuXNWmy': Simulated AI engine failure for index 1 — using fallback
2026-04-29T20:49:22.914+05:30  WARN 19084 --- [           main] com.gencatalog.service.CatalogService    : AI engine failed for product 'ZljF5BD5OVpghtAQEJjkVIs9ASdi': Simulated AI engine failure for index 3 — using fallback
2026-04-29T20:49:22.915+05:30  WARN 19084 --- [           main] com.gencatalog.service.CatalogService    : AI engine failed for product 'cQsBBXUjRxJ3l': Simulated AI engine failure for index 1 — using fallback
2026-04-29T20:49:22.916+05:30  WARN 19084 --- [           main] com.gencatalog.service.CatalogService    : AI engine failed for product 'tg5yN4kjLoL5JKC': Simulated AI engine failure for index 3 — using fallback
2026-04-29T20:49:22.917+05:30  WARN 19084 --- [           main] com.gencatalog.service.CatalogService    : AI engine failed for product '3IFLqrIwdSSq2CuO5oumv': Simulated AI engine failure for index 1 — using fallback
2026-04-29T20:49:22.917+05:30  WARN 19084 --- [           main] com.gencatalog.service.CatalogService    : AI engine failed for product 'Wv0JIBFabX1Q3SrykugWpMGDy': Simulated AI engine failure for index 1 — using fallback
2026-04-29T20:49:22.917+05:30  WARN 19084 --- [           main] com.gencatalog.service.CatalogService    : AI engine failed for product 'JGp1lOfZBXyrxr7dmB': Simulated AI engine failure for index 3 — using fallback
2026-04-29T20:49:22.919+05:30  WARN 19084 --- [           main] com.gencatalog.service.CatalogService    : AI engine failed for product 'gZLJ6f2jnVvC0IHPiDU3hFFfy7fd9R': Simulated AI engine failure for index 1 — using fallback
2026-04-29T20:49:22.920+05:30  WARN 19084 --- [           main] com.gencatalog.service.CatalogService    : AI engine failed for product 'vEWO': Simulated AI engine failure for index 1 — using fallback
2026-04-29T20:49:22.920+05:30  WARN 19084 --- [           main] com.gencatalog.service.CatalogService    : AI engine failed for product '76TsTETs': Simulated AI engine failure for index 3 — using fallback
2026-04-29T20:49:22.922+05:30  WARN 19084 --- [           main] com.gencatalog.service.CatalogService    : AI engine failed for product 'NSSp20s': Simulated AI engine failure for index 1 — using fallback
2026-04-29T20:49:22.923+05:30  WARN 19084 --- [           main] com.gencatalog.service.CatalogService    : AI engine failed for product '0vjWyxm35': Simulated AI engine failure for index 1 — using fallback
2026-04-29T20:49:22.923+05:30  WARN 19084 --- [           main] com.gencatalog.service.CatalogService    : AI engine failed for product 'u4s': Simulated AI engine failure for index 3 — using fallback
2026-04-29T20:49:22.924+05:30  WARN 19084 --- [           main] com.gencatalog.service.CatalogService    : AI engine failed for product 'o3OdAwXA': Simulated AI engine failure for index 1 — using fallback
2026-04-29T20:49:22.924+05:30  WARN 19084 --- [           main] com.gencatalog.service.CatalogService    : AI engine failed for product 'lU2sLTION7SWQNWn2HRPIkSnP': Simulated AI engine failure for index 3 — using fallback
2026-04-29T20:49:22.926+05:30  WARN 19084 --- [           main] com.gencatalog.service.CatalogService    : AI engine failed for product 'A': Simulated AI engine failure for index 1 — using fallback
2026-04-29T20:49:22.926+05:30  WARN 19084 --- [           main] com.gencatalog.service.CatalogService    : AI engine failed for product 'pDcd4FmCSj04': Simulated AI engine failure for index 3 — using fallback
2026-04-29T20:49:22.927+05:30  WARN 19084 --- [           main] com.gencatalog.service.CatalogService    : AI engine failed for product 'evNLVH8Cca8oKEEyqdUMVC8zpeHPSL': Simulated AI engine failure for index 1 — using fallback
2026-04-29T20:49:22.928+05:30  WARN 19084 --- [           main] com.gencatalog.service.CatalogService    : AI engine failed for product '2V4yosxzXv11qnHkzZQ42': Simulated AI engine failure for index 1 — using fallback
2026-04-29T20:49:22.928+05:30  WARN 19084 --- [           main] com.gencatalog.service.CatalogService    : AI engine failed for product 'nGElU': Simulated AI engine failure for index 3 — using fallback
2026-04-29T20:49:22.928+05:30  WARN 19084 --- [           main] com.gencatalog.service.CatalogService    : AI engine failed for product 'EIxPLan1jbzpQxv9oIrOkgKMwT0E': Simulated AI engine failure for index 1 — using fallback
2026-04-29T20:49:22.928+05:30  WARN 19084 --- [           main] com.gencatalog.service.CatalogService    : AI engine failed for product 'klzrdGd2CyGNQ9U72d': Simulated AI engine failure for index 1 — using fallback
2026-04-29T20:49:22.930+05:30  WARN 19084 --- [           main] com.gencatalog.service.CatalogService    : AI engine failed for product 'QbfLctQJ1hn': Simulated AI engine failure for index 1 — using fallback
2026-04-29T20:49:22.930+05:30  WARN 19084 --- [           main] com.gencatalog.service.CatalogService    : AI engine failed for product 'Z': Simulated AI engine failure for index 3 — using fallback
2026-04-29T20:49:22.930+05:30  WARN 19084 --- [           main] com.gencatalog.service.CatalogService    : AI engine failed for product 'l': Simulated AI engine failure for index 1 — using fallback
2026-04-29T20:49:22.930+05:30  WARN 19084 --- [           main] com.gencatalog.service.CatalogService    : AI engine failed for product 'gaAl6P4dUIhN': Simulated AI engine failure for index 3 — using fallback
2026-04-29T20:49:22.932+05:30  WARN 19084 --- [           main] com.gencatalog.service.CatalogService    : AI engine failed for product 'Bg2tnGErU5eoopxvpcZH': Simulated AI engine failure for index 1 — using fallback
2026-04-29T20:49:22.933+05:30  WARN 19084 --- [           main] com.gencatalog.service.CatalogService    : AI engine failed for product 'Z': Simulated AI engine failure for index 1 — using fallback
2026-04-29T20:49:22.933+05:30  WARN 19084 --- [           main] com.gencatalog.service.CatalogService    : AI engine failed for product 'a': Simulated AI engine failure for index 3 — using fallback
2026-04-29T20:49:22.935+05:30  WARN 19084 --- [           main] com.gencatalog.service.CatalogService    : AI engine failed for product 'vcbWuiqd': Simulated AI engine failure for index 1 — using fallback
2026-04-29T20:49:22.935+05:30  WARN 19084 --- [           main] com.gencatalog.service.CatalogService    : AI engine failed for product '2TfU8nZ': Simulated AI engine failure for index 1 — using fallback
2026-04-29T20:49:22.935+05:30  WARN 19084 --- [           main] com.gencatalog.service.CatalogService    : AI engine failed for product 'Xzyy': Simulated AI engine failure for index 1 — using fallback
2026-04-29T20:49:22.935+05:30  WARN 19084 --- [           main] com.gencatalog.service.CatalogService    : AI engine failed for product 'lWkiOocRKfbeIZ0H': Simulated AI engine failure for index 1 — using fallback
2026-04-29T20:49:22.937+05:30  WARN 19084 --- [           main] com.gencatalog.service.CatalogService    : AI engine failed for product 'rmPmOOha8JARWf8QrqIqrbT': Simulated AI engine failure for index 1 — using fallback
2026-04-29T20:49:22.939+05:30  WARN 19084 --- [           main] com.gencatalog.service.CatalogService    : AI engine failed for product 'sVr0Gg4': Simulated AI engine failure for index 1 — using fallback
2026-04-29T20:49:22.939+05:30  WARN 19084 --- [           main] com.gencatalog.service.CatalogService    : AI engine failed for product 'Z': Simulated AI engine failure for index 1 — using fallback
2026-04-29T20:49:22.939+05:30  WARN 19084 --- [           main] com.gencatalog.service.CatalogService    : AI engine failed for product 'IlOhoN4rTUSH': Simulated AI engine failure for index 3 — using fallback
2026-04-29T20:49:22.940+05:30  WARN 19084 --- [           main] com.gencatalog.service.CatalogService    : AI engine failed for product 'A': Simulated AI engine failure for index 1 — using fallback
2026-04-29T20:49:22.942+05:30  WARN 19084 --- [           main] com.gencatalog.service.CatalogService    : AI engine failed for product 'UkqWTXLPQ81jipvbEdnJro': Simulated AI engine failure for index 1 — using fallback
2026-04-29T20:49:22.942+05:30  WARN 19084 --- [           main] com.gencatalog.service.CatalogService    : AI engine failed for product 'S1tU2clw': Simulated AI engine failure for index 3 — using fallback
2026-04-29T20:49:22.943+05:30  WARN 19084 --- [           main] com.gencatalog.service.CatalogService    : AI engine failed for product 'EkIj': Simulated AI engine failure for index 1 — using fallback
2026-04-29T20:49:22.943+05:30  WARN 19084 --- [           main] com.gencatalog.service.CatalogService    : AI engine failed for product 'yXcNS2NcP': Simulated AI engine failure for index 3 — using fallback
2026-04-29T20:49:22.943+05:30  WARN 19084 --- [           main] com.gencatalog.service.CatalogService    : AI engine failed for product 'uo57Yxr3PE6daMl0z4oWSq7CeEM': Simulated AI engine failure for index 1 — using fallback
2026-04-29T20:49:22.943+05:30  WARN 19084 --- [           main] com.gencatalog.service.CatalogService    : AI engine failed for product 'A': Simulated AI engine failure for index 1 — using fallback
2026-04-29T20:49:22.945+05:30  WARN 19084 --- [           main] com.gencatalog.service.CatalogService    : AI engine failed for product 'cgCno7DWckrQaU': Simulated AI engine failure for index 1 — using fallback
2026-04-29T20:49:22.945+05:30  WARN 19084 --- [           main] com.gencatalog.service.CatalogService    : AI engine failed for product 'jC9wHT': Simulated AI engine failure for index 3 — using fallback
2026-04-29T20:49:22.945+05:30  WARN 19084 --- [           main] com.gencatalog.service.CatalogService    : AI engine failed for product 'mLzrp62n7LxlmOW': Simulated AI engine failure for index 1 — using fallback
2026-04-29T20:49:22.945+05:30  WARN 19084 --- [           main] com.gencatalog.service.CatalogService    : AI engine failed for product 'HbgbRaIhO2BSF3LOaYhGDK': Simulated AI engine failure for index 1 — using fallback
2026-04-29T20:49:22.946+05:30  WARN 19084 --- [           main] com.gencatalog.service.CatalogService    : AI engine failed for product 'RavyxoTFNqH7xhmwqUS': Simulated AI engine failure for index 1 — using fallback
2026-04-29T20:49:22.948+05:30  WARN 19084 --- [           main] com.gencatalog.service.CatalogService    : AI engine failed for product '9BdOuYLrxgY4jtYG9mRe5': Simulated AI engine failure for index 1 — using fallback
2026-04-29T20:49:22.948+05:30  WARN 19084 --- [           main] com.gencatalog.service.CatalogService    : AI engine failed for product 's6xhU2aeMneUwK': Simulated AI engine failure for index 3 — using fallback
2026-04-29T20:49:22.949+05:30  WARN 19084 --- [           main] com.gencatalog.service.CatalogService    : AI engine failed for product 'xMXf7YaOQkZQT2AshH4MYWqE9': Simulated AI engine failure for index 1 — using fallback
2026-04-29T20:49:22.949+05:30  WARN 19084 --- [           main] com.gencatalog.service.CatalogService    : AI engine failed for product 'Hq5SECu': Simulated AI engine failure for index 3 — using fallback
2026-04-29T20:49:22.952+05:30  WARN 19084 --- [           main] com.gencatalog.service.CatalogService    : AI engine failed for product 'Hh6': Simulated AI engine failure for index 1 — using fallback
2026-04-29T20:49:22.952+05:30  WARN 19084 --- [           main] com.gencatalog.service.CatalogService    : AI engine failed for product 'inrSRrM0mW2O36OQ': Simulated AI engine failure for index 3 — using fallback
2026-04-29T20:49:22.952+05:30  WARN 19084 --- [           main] com.gencatalog.service.CatalogService    : AI engine failed for product 'A': Simulated AI engine failure for index 1 — using fallback
2026-04-29T20:49:22.952+05:30  WARN 19084 --- [           main] com.gencatalog.service.CatalogService    : AI engine failed for product 'W7iSeIPlCh': Simulated AI engine failure for index 1 — using fallback
2026-04-29T20:49:22.954+05:30  WARN 19084 --- [           main] com.gencatalog.service.CatalogService    : AI engine failed for product 'Z': Simulated AI engine failure for index 1 — using fallback
2026-04-29T20:49:22.954+05:30  WARN 19084 --- [           main] com.gencatalog.service.CatalogService    : AI engine failed for product 'jlirIpBB': Simulated AI engine failure for index 1 — using fallback
2026-04-29T20:49:22.955+05:30  WARN 19084 --- [           main] com.gencatalog.service.CatalogService    : AI engine failed for product '7AlMEC': Simulated AI engine failure for index 1 — using fallback
2026-04-29T20:49:22.955+05:30  WARN 19084 --- [           main] com.gencatalog.service.CatalogService    : AI engine failed for product 'yFJBffcwVQu3oKJLfEB': Simulated AI engine failure for index 3 — using fallback
2026-04-29T20:49:22.957+05:30  WARN 19084 --- [           main] com.gencatalog.service.CatalogService    : AI engine failed for product 'yxmWa4KZhvwldx79hY7vy2j8': Simulated AI engine failure for index 1 — using fallback
2026-04-29T20:49:22.958+05:30  WARN 19084 --- [           main] com.gencatalog.service.CatalogService    : AI engine failed for product 'G': Simulated AI engine failure for index 1 — using fallback
2026-04-29T20:49:22.958+05:30  WARN 19084 --- [           main] com.gencatalog.service.CatalogService    : AI engine failed for product '0': Simulated AI engine failure for index 1 — using fallback
2026-04-29T20:49:22.959+05:30  WARN 19084 --- [           main] com.gencatalog.service.CatalogService    : AI engine failed for product 'XCnr': Simulated AI engine failure for index 1 — using fallback
2026-04-29T20:49:22.959+05:30  WARN 19084 --- [           main] com.gencatalog.service.CatalogService    : AI engine failed for product 'uijcPvxhhx579K': Simulated AI engine failure for index 3 — using fallback
2026-04-29T20:49:22.960+05:30  WARN 19084 --- [           main] com.gencatalog.service.CatalogService    : AI engine failed for product 'BqY9xumE7': Simulated AI engine failure for index 1 — using fallback
2026-04-29T20:49:22.962+05:30  WARN 19084 --- [           main] com.gencatalog.service.CatalogService    : AI engine failed for product 'iArl5Q4JRGN1w04': Simulated AI engine failure for index 1 — using fallback
2026-04-29T20:49:22.962+05:30  WARN 19084 --- [           main] com.gencatalog.service.CatalogService    : AI engine failed for product 'wkZB5x6NTWseDeQeB9fv5xGWGaIlw5': Simulated AI engine failure for index 1 — using fallback
2026-04-29T20:49:22.963+05:30  WARN 19084 --- [           main] com.gencatalog.service.CatalogService    : AI engine failed for product 'nUzoRSho': Simulated AI engine failure for index 1 — using fallback
2026-04-29T20:49:22.963+05:30  WARN 19084 --- [           main] com.gencatalog.service.CatalogService    : AI engine failed for product 'qqM4roE4HroIXdoTHcOP': Simulated AI engine failure for index 1 — using fallback
2026-04-29T20:49:22.965+05:30  WARN 19084 --- [           main] com.gencatalog.service.CatalogService    : AI engine failed for product 'vCW': Simulated AI engine failure for index 1 — using fallback
2026-04-29T20:49:22.966+05:30  WARN 19084 --- [           main] com.gencatalog.service.CatalogService    : AI engine failed for product 'XrdOyszkRbY8F7c05mYTq8E7TmeUZ': Simulated AI engine failure for index 1 — using fallback
2026-04-29T20:49:22.966+05:30  WARN 19084 --- [           main] com.gencatalog.service.CatalogService    : AI engine failed for product 'wsVz1suls77xhxWZXyapPAip2iDRv': Simulated AI engine failure for index 3 — using fallback
2026-04-29T20:49:22.967+05:30  WARN 19084 --- [           main] com.gencatalog.service.CatalogService    : AI engine failed for product 'bQFYcGO24': Simulated AI engine failure for index 1 — using fallback
2026-04-29T20:49:22.968+05:30  WARN 19084 --- [           main] com.gencatalog.service.CatalogService    : AI engine failed for product 'FkJWmx7K4ROj': Simulated AI engine failure for index 1 — using fallback
2026-04-29T20:49:22.969+05:30  WARN 19084 --- [           main] com.gencatalog.service.CatalogService    : AI engine failed for product 'TJDZHikLUfKS5Oh': Simulated AI engine failure for index 3 — using fallback
2026-04-29T20:49:22.970+05:30  WARN 19084 --- [           main] com.gencatalog.service.CatalogService    : AI engine failed for product 'HkCH4NcRc2bRvUUIp': Simulated AI engine failure for index 1 — using fallback
2026-04-29T20:49:22.971+05:30  WARN 19084 --- [           main] com.gencatalog.service.CatalogService    : AI engine failed for product 'VD7vWk9EMQsNVlr': Simulated AI engine failure for index 1 — using fallback
2026-04-29T20:49:22.971+05:30  WARN 19084 --- [           main] com.gencatalog.service.CatalogService    : AI engine failed for product 'Z': Simulated AI engine failure for index 3 — using fallback
2026-04-29T20:49:22.974+05:30  WARN 19084 --- [           main] com.gencatalog.service.CatalogService    : AI engine failed for product 'XVJ2asdUlWDjNx41KxsKcNdTmCr': Simulated AI engine failure for index 1 — using fallback
2026-04-29T20:49:22.974+05:30  WARN 19084 --- [           main] com.gencatalog.service.CatalogService    : AI engine failed for product '3SRxhQqe': Simulated AI engine failure for index 3 — using fallback
2026-04-29T20:49:22.976+05:30  WARN 19084 --- [           main] com.gencatalog.service.CatalogService    : AI engine failed for product 'Nh0tTv': Simulated AI engine failure for index 1 — using fallback
2026-04-29T20:49:22.977+05:30  WARN 19084 --- [           main] com.gencatalog.service.CatalogService    : AI engine failed for product '7xBKCkrwt': Simulated AI engine failure for index 1 — using fallback
2026-04-29T20:49:22.977+05:30  WARN 19084 --- [           main] com.gencatalog.service.CatalogService    : AI engine failed for product 'Dr2LO4vhDAkbH': Simulated AI engine failure for index 3 — using fallback
2026-04-29T20:49:22.982+05:30  WARN 19084 --- [           main] com.gencatalog.service.CatalogService    : AI engine failed for product '9': Simulated AI engine failure for index 1 — using fallback
2026-04-29T20:49:22.982+05:30  WARN 19084 --- [           main] com.gencatalog.service.CatalogService    : AI engine failed for product 'Bu14w7bihD': Simulated AI engine failure for index 3 — using fallback
2026-04-29T20:49:22.985+05:30  WARN 19084 --- [           main] com.gencatalog.service.CatalogService    : AI engine failed for product '9OG7f6nGjdV5uFM': Simulated AI engine failure for index 1 — using fallback
2026-04-29T20:49:22.985+05:30  WARN 19084 --- [           main] com.gencatalog.service.CatalogService    : AI engine failed for product 'DDr3zPiWty4llOy': Simulated AI engine failure for index 3 — using fallback
2026-04-29T20:49:22.987+05:30  WARN 19084 --- [           main] com.gencatalog.service.CatalogService    : AI engine failed for product 'MMCMZr0tpFOqYcAGx': Simulated AI engine failure for index 1 — using fallback
2026-04-29T20:49:22.987+05:30  WARN 19084 --- [           main] com.gencatalog.service.CatalogService    : AI engine failed for product 'gxjBS1mLM7Y': Simulated AI engine failure for index 3 — using fallback
2026-04-29T20:49:22.988+05:30  WARN 19084 --- [           main] com.gencatalog.service.CatalogService    : AI engine failed for product 'WLYFqT': Simulated AI engine failure for index 1 — using fallback
2026-04-29T20:49:22.988+05:30  WARN 19084 --- [           main] com.gencatalog.service.CatalogService    : AI engine failed for product 'a': Simulated AI engine failure for index 3 — using fallback
2026-04-29T20:49:22.991+05:30  WARN 19084 --- [           main] com.gencatalog.service.CatalogService    : AI engine failed for product 'A': Simulated AI engine failure for index 1 — using fallback
2026-04-29T20:49:22.992+05:30  WARN 19084 --- [           main] com.gencatalog.service.CatalogService    : AI engine failed for product 'Xxix0HTc8z6aeSDeDVA7S': Simulated AI engine failure for index 3 — using fallback
2026-04-29T20:49:22.993+05:30  WARN 19084 --- [           main] com.gencatalog.service.CatalogService    : AI engine failed for product 'NLDm34vKwrB': Simulated AI engine failure for index 1 — using fallback
2026-04-29T20:49:22.994+05:30  WARN 19084 --- [           main] com.gencatalog.service.CatalogService    : AI engine failed for product 'dwcSy2khimvxf': Simulated AI engine failure for index 1 — using fallback
2026-04-29T20:49:22.995+05:30  WARN 19084 --- [           main] com.gencatalog.service.CatalogService    : AI engine failed for product 'eyNcV0JcYDH0WDDYygDZJypmBo3kW': Simulated AI engine failure for index 1 — using fallback
2026-04-29T20:49:22.996+05:30  WARN 19084 --- [           main] com.gencatalog.service.CatalogService    : AI engine failed for product 'PlDg7I': Simulated AI engine failure for index 1 — using fallback
2026-04-29T20:49:22.997+05:30  WARN 19084 --- [           main] com.gencatalog.service.CatalogService    : AI engine failed for product 'al4X5vfoSK7A8NaOGwML2Gkp': Simulated AI engine failure for index 1 — using fallback
2026-04-29T20:49:22.998+05:30  WARN 19084 --- [           main] com.gencatalog.service.CatalogService    : AI engine failed for product 'HpbI': Simulated AI engine failure for index 3 — using fallback
2026-04-29T20:49:22.999+05:30  WARN 19084 --- [           main] com.gencatalog.service.CatalogService    : AI engine failed for product 'a': Simulated AI engine failure for index 1 — using fallback
2026-04-29T20:49:22.999+05:30  WARN 19084 --- [           main] com.gencatalog.service.CatalogService    : AI engine failed for product 'FaZ5ISYMnHp8DLmZWfVHOH2D': Simulated AI engine failure for index 3 — using fallback
2026-04-29T20:49:23.001+05:30  WARN 19084 --- [           main] com.gencatalog.service.CatalogService    : AI engine failed for product 'cHFtIE9XhYi7ebribrapfuZw': Simulated AI engine failure for index 1 — using fallback
2026-04-29T20:49:23.003+05:30  WARN 19084 --- [           main] com.gencatalog.service.CatalogService    : AI engine failed for product 'ZNLLoelbyS58u4X5AdgSbh7TQvhN': Simulated AI engine failure for index 1 — using fallback
2026-04-29T20:49:23.003+05:30  WARN 19084 --- [           main] com.gencatalog.service.CatalogService    : AI engine failed for product 'xBOjGkjgHdsWEst6GBb2MU': Simulated AI engine failure for index 3 — using fallback
2026-04-29T20:49:23.004+05:30  WARN 19084 --- [           main] com.gencatalog.service.CatalogService    : AI engine failed for product 'dFUTGjMmd': Simulated AI engine failure for index 1 — using fallback
2026-04-29T20:49:23.005+05:30  WARN 19084 --- [           main] com.gencatalog.service.CatalogService    : AI engine failed for product '0': Simulated AI engine failure for index 1 — using fallback
2026-04-29T20:49:23.006+05:30  WARN 19084 --- [           main] com.gencatalog.service.CatalogService    : AI engine failed for product 'a': Simulated AI engine failure for index 1 — using fallback
2026-04-29T20:49:23.007+05:30  WARN 19084 --- [           main] com.gencatalog.service.CatalogService    : AI engine failed for product 'YOoPS464VwqQPX': Simulated AI engine failure for index 3 — using fallback
2026-04-29T20:49:23.008+05:30  WARN 19084 --- [           main] com.gencatalog.service.CatalogService    : AI engine failed for product 'rQH7Wtul5cK': Simulated AI engine failure for index 1 — using fallback
2026-04-29T20:49:23.010+05:30  WARN 19084 --- [           main] com.gencatalog.service.CatalogService    : AI engine failed for product '9': Simulated AI engine failure for index 1 — using fallback
2026-04-29T20:49:23.010+05:30  WARN 19084 --- [           main] com.gencatalog.service.CatalogService    : AI engine failed for product 'Zu': Simulated AI engine failure for index 3 — using fallback
2026-04-29T20:49:23.011+05:30  WARN 19084 --- [           main] com.gencatalog.service.CatalogService    : AI engine failed for product '6BCxV87gzqkSsxwXCg1dKdn8MeuA': Simulated AI engine failure for index 1 — using fallback
2026-04-29T20:49:23.012+05:30  WARN 19084 --- [           main] com.gencatalog.service.CatalogService    : AI engine failed for product 'BJG7cCKzUn8r': Simulated AI engine failure for index 1 — using fallback
2026-04-29T20:49:23.013+05:30  WARN 19084 --- [           main] com.gencatalog.service.CatalogService    : AI engine failed for product 'SAP48C8Rjc0': Simulated AI engine failure for index 1 — using fallback
2026-04-29T20:49:23.014+05:30  WARN 19084 --- [           main] com.gencatalog.service.CatalogService    : AI engine failed for product 'Z': Simulated AI engine failure for index 1 — using fallback
2026-04-29T20:49:23.014+05:30  WARN 19084 --- [           main] com.gencatalog.service.CatalogService    : AI engine failed for product 'O3siH6B9': Simulated AI engine failure for index 1 — using fallback
2026-04-29T20:49:23.015+05:30  WARN 19084 --- [           main] com.gencatalog.service.CatalogService    : AI engine failed for product 'pLITh': Simulated AI engine failure for index 1 — using fallback
2026-04-29T20:49:23.015+05:30  WARN 19084 --- [           main] com.gencatalog.service.CatalogService    : AI engine failed for product 'jNoKa': Simulated AI engine failure for index 3 — using fallback
2026-04-29T20:49:23.016+05:30  WARN 19084 --- [           main] com.gencatalog.service.CatalogService    : AI engine failed for product '3kCrdHPsvn': Simulated AI engine failure for index 1 — using fallback
2026-04-29T20:49:23.016+05:30  WARN 19084 --- [           main] com.gencatalog.service.CatalogService    : AI engine failed for product 'faSeepC90UlIr8sImETyh2x': Simulated AI engine failure for index 3 — using fallback
2026-04-29T20:49:23.018+05:30  WARN 19084 --- [           main] com.gencatalog.service.CatalogService    : AI engine failed for product '0iCLi48SS': Simulated AI engine failure for index 1 — using fallback
2026-04-29T20:49:23.018+05:30  WARN 19084 --- [           main] com.gencatalog.service.CatalogService    : AI engine failed for product 'dQxupP50STrFdUc32G9wfALAm3': Simulated AI engine failure for index 3 — using fallback
2026-04-29T20:49:23.018+05:30  WARN 19084 --- [           main] com.gencatalog.service.CatalogService    : AI engine failed for product '1j': Simulated AI engine failure for index 1 — using fallback
2026-04-29T20:49:23.018+05:30  WARN 19084 --- [           main] com.gencatalog.service.CatalogService    : AI engine failed for product 'hIuJc9jonKiJr59BY': Simulated AI engine failure for index 3 — using fallback
2026-04-29T20:49:23.019+05:30  WARN 19084 --- [           main] com.gencatalog.service.CatalogService    : AI engine failed for product 'PlEk4ecFiyRjxZqhOQ2': Simulated AI engine failure for index 1 — using fallback
2026-04-29T20:49:23.019+05:30  WARN 19084 --- [           main] com.gencatalog.service.CatalogService    : AI engine failed for product 'ZEfEaaosb4fqoLR8WxfIqnso6ar': Simulated AI engine failure for index 1 — using fallback
2026-04-29T20:49:23.019+05:30  WARN 19084 --- [           main] com.gencatalog.service.CatalogService    : AI engine failed for product '0': Simulated AI engine failure for index 1 — using fallback
2026-04-29T20:49:23.020+05:30  WARN 19084 --- [           main] com.gencatalog.service.CatalogService    : AI engine failed for product 'ZDtTVLkGmeFjjYO9xvtHWdOC1hL5sm': Simulated AI engine failure for index 1 — using fallback
2026-04-29T20:49:23.020+05:30  WARN 19084 --- [           main] com.gencatalog.service.CatalogService    : AI engine failed for product 'N': Simulated AI engine failure for index 1 — using fallback
2026-04-29T20:49:23.020+05:30  WARN 19084 --- [           main] com.gencatalog.service.CatalogService    : AI engine failed for product '3MgvFpoYu8xcEjpJrex': Simulated AI engine failure for index 3 — using fallback
2026-04-29T20:49:23.021+05:30  WARN 19084 --- [           main] com.gencatalog.service.CatalogService    : AI engine failed for product 'ZMypG8k9XZL9gjW2T79q1XT5nOf': Simulated AI engine failure for index 1 — using fallback
2026-04-29T20:49:23.021+05:30  WARN 19084 --- [           main] com.gencatalog.service.CatalogService    : AI engine failed for product 'nqr87VdjS2': Simulated AI engine failure for index 3 — using fallback
2026-04-29T20:49:23.022+05:30  WARN 19084 --- [           main] com.gencatalog.service.CatalogService    : AI engine failed for product 'jXTJ7CzwmKrzwLiFVjfYL4F0': Simulated AI engine failure for index 1 — using fallback
2026-04-29T20:49:23.023+05:30  WARN 19084 --- [           main] com.gencatalog.service.CatalogService    : AI engine failed for product 'v1dOX031bcHzQn3uF': Simulated AI engine failure for index 1 — using fallback
2026-04-29T20:49:23.024+05:30  WARN 19084 --- [           main] com.gencatalog.service.CatalogService    : AI engine failed for product 'w': Simulated AI engine failure for index 1 — using fallback
2026-04-29T20:49:23.025+05:30  WARN 19084 --- [           main] com.gencatalog.service.CatalogService    : AI engine failed for product '0': Simulated AI engine failure for index 1 — using fallback
2026-04-29T20:49:23.025+05:30  WARN 19084 --- [           main] com.gencatalog.service.CatalogService    : AI engine failed for product 't7Dnsdg': Simulated AI engine failure for index 3 — using fallback
2026-04-29T20:49:23.025+05:30  WARN 19084 --- [           main] com.gencatalog.service.CatalogService    : AI engine failed for product 'hZV75U9S7nUy': Simulated AI engine failure for index 1 — using fallback
2026-04-29T20:49:23.025+05:30  WARN 19084 --- [           main] com.gencatalog.service.CatalogService    : AI engine failed for product 'vY0ihRbX0r9f6MgVPk9c4Y6': Simulated AI engine failure for index 1 — using fallback
2026-04-29T20:49:23.026+05:30  WARN 19084 --- [           main] com.gencatalog.service.CatalogService    : AI engine failed for product 'j2m4TLisn': Simulated AI engine failure for index 1 — using fallback
2026-04-29T20:49:23.027+05:30  WARN 19084 --- [           main] com.gencatalog.service.CatalogService    : AI engine failed for product 'A0aQZ2lCqn5': Simulated AI engine failure for index 1 — using fallback
2026-04-29T20:49:23.027+05:30  WARN 19084 --- [           main] com.gencatalog.service.CatalogService    : AI engine failed for product 'bbTsgjmbQIcLghBIwxrn': Simulated AI engine failure for index 3 — using fallback
2026-04-29T20:49:23.028+05:30  WARN 19084 --- [           main] com.gencatalog.service.CatalogService    : AI engine failed for product 'StZqgpbb21FoOO': Simulated AI engine failure for index 1 — using fallback
2026-04-29T20:49:23.028+05:30  WARN 19084 --- [           main] com.gencatalog.service.CatalogService    : AI engine failed for product '9': Simulated AI engine failure for index 1 — using fallback
2026-04-29T20:49:23.028+05:30  WARN 19084 --- [           main] com.gencatalog.service.CatalogService    : AI engine failed for product 'dhunHuX1Q5dOo2qIDRHL4bpUH2': Simulated AI engine failure for index 1 — using fallback
2026-04-29T20:49:23.029+05:30  WARN 19084 --- [           main] com.gencatalog.service.CatalogService    : AI engine failed for product 'qBwYD8u0ECWHx': Simulated AI engine failure for index 3 — using fallback
2026-04-29T20:49:23.030+05:30  WARN 19084 --- [           main] com.gencatalog.service.CatalogService    : AI engine failed for product 'v90aGXjGn5mAaM56Z8tStjjPm': Simulated AI engine failure for index 1 — using fallback
2026-04-29T20:49:23.030+05:30  WARN 19084 --- [           main] com.gencatalog.service.CatalogService    : AI engine failed for product 'EvBBUZTfG9': Simulated AI engine failure for index 3 — using fallback
[...]
2026-04-29T20:49:23.218+05:30  WARN 19084 --- [           main] com.gencatalog.service.CatalogService    : AI engine failed for product 's9jAChj9JMOE6aUSsiNM0s': Simulated AI engine failure for index 1 — using fallback
2026-04-29T20:49:23.218+05:30  WARN 19084 --- [           main] com.gencatalog.service.CatalogService    : AI engine failed for product 'A': Simulated AI engine failure for index 1 — using fallback
2026-04-29T20:49:23.218+05:30  WARN 19084 --- [           main] com.gencatalog.service.CatalogService    : AI engine failed for product 'CSqh69x8HoKK3NEKW': Simulated AI engine failure for index 3 — using fallback
2026-04-29T20:49:23.218+05:30  WARN 19084 --- [           main] com.gencatalog.service.CatalogService    : AI engine failed for product 'FKt': Simulated AI engine failure for index 1 — using fallback
2026-04-29T20:49:23.219+05:30  WARN 19084 --- [           main] com.gencatalog.service.CatalogService    : AI engine failed for product 'FjQa8cHW0n6uYv': Simulated AI engine failure for index 1 — using fallback
2026-04-29T20:49:23.219+05:30  WARN 19084 --- [           main] com.gencatalog.service.CatalogService    : AI engine failed for product 'uA7Ake1LLE': Simulated AI engine failure for index 1 — using fallback
2026-04-29T20:49:23.219+05:30  WARN 19084 --- [           main] com.gencatalog.service.CatalogService    : AI engine failed for product 'H': Simulated AI engine failure for index 1 — using fallback
2026-04-29T20:49:23.219+05:30  WARN 19084 --- [           main] com.gencatalog.service.CatalogService    : AI engine failed for product 'nAacmQ': Simulated AI engine failure for index 1 — using fallback
2026-04-29T20:49:23.220+05:30  WARN 19084 --- [           main] com.gencatalog.service.CatalogService    : AI engine failed for product 'd8clq3iWqfytutfSKsSe': Simulated AI engine failure for index 1 — using fallback
2026-04-29T20:49:23.220+05:30  WARN 19084 --- [           main] com.gencatalog.service.CatalogService    : AI engine failed for product 'GalcVdrHbVMPJZZ': Simulated AI engine failure for index 1 — using fallback
2026-04-29T20:49:23.220+05:30  WARN 19084 --- [           main] com.gencatalog.service.CatalogService    : AI engine failed for product 'JqBV1dLTIQADb5FF1TGpn3s9Ea0': Simulated AI engine failure for index 1 — using fallback
2026-04-29T20:49:23.221+05:30  WARN 19084 --- [           main] com.gencatalog.service.CatalogService    : AI engine failed for product '3UFwaPcIu3Wr2rOcImH': Simulated AI engine failure for index 1 — using fallback
2026-04-29T20:49:23.221+05:30  WARN 19084 --- [           main] com.gencatalog.service.CatalogService    : AI engine failed for product 'tqqcdUqrrkL3z4VbmGVFW': Simulated AI engine failure for index 1 — using fallback
2026-04-29T20:49:23.221+05:30  WARN 19084 --- [           main] com.gencatalog.service.CatalogService    : AI engine failed for product 'HmW9H10': Simulated AI engine failure for index 1 — using fallback
2026-04-29T20:49:23.221+05:30  WARN 19084 --- [           main] com.gencatalog.service.CatalogService    : AI engine failed for product 'nC0cG9r4Z': Simulated AI engine failure for index 3 — using fallback
2026-04-29T20:49:23.222+05:30  WARN 19084 --- [           main] com.gencatalog.service.CatalogService    : AI engine failed for product 'RXv': Simulated AI engine failure for index 1 — using fallback
2026-04-29T20:49:23.223+05:30  WARN 19084 --- [           main] com.gencatalog.service.CatalogService    : AI engine failed for product '0Y29YQDES': Simulated AI engine failure for index 1 — using fallback
2026-04-29T20:49:23.223+05:30  WARN 19084 --- [           main] com.gencatalog.service.CatalogService    : AI engine failed for product 'kO3C7twh7oCrKawrkSB': Simulated AI engine failure for index 3 — using fallback
2026-04-29T20:49:23.224+05:30  WARN 19084 --- [           main] com.gencatalog.service.CatalogService    : AI engine failed for product 'g0TexPIJW5MQHiyGDvpkm0OUxC': Simulated AI engine failure for index 1 — using fallback
2026-04-29T20:49:23.224+05:30  WARN 19084 --- [           main] com.gencatalog.service.CatalogService    : AI engine failed for product 'h7': Simulated AI engine failure for index 3 — using fallback
2026-04-29T20:49:23.224+05:30  WARN 19084 --- [           main] com.gencatalog.service.CatalogService    : AI engine failed for product '2xP3': Simulated AI engine failure for index 1 — using fallback
2026-04-29T20:49:23.224+05:30  WARN 19084 --- [           main] com.gencatalog.service.CatalogService    : AI engine failed for product 'tm3NXKWxTPM0MuQn': Simulated AI engine failure for index 3 — using fallback
2026-04-29T20:49:23.224+05:30  WARN 19084 --- [           main] com.gencatalog.service.CatalogService    : AI engine failed for product 'DSkVn1EuAJRb1itaL': Simulated AI engine failure for index 1 — using fallback
2026-04-29T20:49:23.224+05:30  WARN 19084 --- [           main] com.gencatalog.service.CatalogService    : AI engine failed for product 'y88lAxi6P4qQN8ZWRFsaD0tde': Simulated AI engine failure for index 1 — using fallback
2026-04-29T20:49:23.224+05:30  WARN 19084 --- [           main] com.gencatalog.service.CatalogService    : AI engine failed for product 'wmX5CG1Jha3IWDZLfZjvuF': Simulated AI engine failure for index 1 — using fallback
2026-04-29T20:49:23.224+05:30  WARN 19084 --- [           main] com.gencatalog.service.CatalogService    : AI engine failed for product '9pMGw2J2poqrhc4R1zF1uyl': Simulated AI engine failure for index 1 — using fallback
2026-04-29T20:49:23.224+05:30  WARN 19084 --- [           main] com.gencatalog.service.CatalogService    : AI engine failed for product 'rsHJhdSIpLekBVPti9uC6a': Simulated AI engine failure for index 3 — using fallback
2026-04-29T20:49:23.225+05:30  WARN 19084 --- [           main] com.gencatalog.service.CatalogService    : AI engine failed for product 'RgKuMBqqrJq8rYuhCEzY8HE': Simulated AI engine failure for index 1 — using fallback
2026-04-29T20:49:23.225+05:30  WARN 19084 --- [           main] com.gencatalog.service.CatalogService    : AI engine failed for product 'ekDNtuzmNonAXgyt': Simulated AI engine failure for index 1 — using fallback
2026-04-29T20:49:23.225+05:30  WARN 19084 --- [           main] com.gencatalog.service.CatalogService    : AI engine failed for product 'yvR6QYh1YkbHAMjyAo8Ll': Simulated AI engine failure for index 3 — using fallback
2026-04-29T20:49:23.225+05:30  WARN 19084 --- [           main] com.gencatalog.service.CatalogService    : AI engine failed for product 'NvLTWCZcox3SGPl7OjfAYRzUzloVI': Simulated AI engine failure for index 1 — using fallback
2026-04-29T20:49:23.225+05:30  WARN 19084 --- [           main] com.gencatalog.service.CatalogService    : AI engine failed for product 'BBLR6G3hrm49jZQUGHRfsd4mOhHSkW': Simulated AI engine failure for index 1 — using fallback
2026-04-29T20:49:23.225+05:30  WARN 19084 --- [           main] com.gencatalog.service.CatalogService    : AI engine failed for product 'vLnC290': Simulated AI engine failure for index 3 — using fallback
2026-04-29T20:49:23.226+05:30  WARN 19084 --- [           main] com.gencatalog.service.CatalogService    : AI engine failed for product 'evudHRn6KVdwmz4Nx59oQkb': Simulated AI engine failure for index 1 — using fallback
2026-04-29T20:49:23.226+05:30  WARN 19084 --- [           main] com.gencatalog.service.CatalogService    : AI engine failed for product 'wUSr4vMNdF': Simulated AI engine failure for index 3 — using fallback
2026-04-29T20:49:23.226+05:30  WARN 19084 --- [           main] com.gencatalog.service.CatalogService    : AI engine failed for product 'z': Simulated AI engine failure for index 1 — using fallback
2026-04-29T20:49:23.226+05:30  WARN 19084 --- [           main] com.gencatalog.service.CatalogService    : AI engine failed for product '6OvWLhfGaIeP7tHw5QOTcyjUcGRP': Simulated AI engine failure for index 3 — using fallback
2026-04-29T20:49:23.227+05:30  WARN 19084 --- [           main] com.gencatalog.service.CatalogService    : AI engine failed for product 'SQEC': Simulated AI engine failure for index 1 — using fallback
2026-04-29T20:49:23.227+05:30  WARN 19084 --- [           main] com.gencatalog.service.CatalogService    : AI engine failed for product '21': Simulated AI engine failure for index 3 — using fallback
2026-04-29T20:49:23.227+05:30  WARN 19084 --- [           main] com.gencatalog.service.CatalogService    : AI engine failed for product 'Z': Simulated AI engine failure for index 1 — using fallback
2026-04-29T20:49:23.227+05:30  WARN 19084 --- [           main] com.gencatalog.service.CatalogService    : AI engine failed for product '5tItYaRuXS6luMI': Simulated AI engine failure for index 1 — using fallback
2026-04-29T20:49:23.227+05:30  WARN 19084 --- [           main] com.gencatalog.service.CatalogService    : AI engine failed for product 'VTKJCiFrnQeovW': Simulated AI engine failure for index 3 — using fallback
2026-04-29T20:49:23.228+05:30  WARN 19084 --- [           main] com.gencatalog.service.CatalogService    : AI engine failed for product '67WRyONWfbDjvLnJqAFovUI': Simulated AI engine failure for index 1 — using fallback
2026-04-29T20:49:23.228+05:30  WARN 19084 --- [           main] com.gencatalog.service.CatalogService    : AI engine failed for product 'WLaQFVF0TNxHKtIA': Simulated AI engine failure for index 3 — using fallback
2026-04-29T20:49:23.231+05:30  WARN 19084 --- [           main] com.gencatalog.service.CatalogService    : AI engine failed for product '2oI1M8bCj8CtPYs': Simulated AI engine failure for index 1 — using fallback
2026-04-29T20:49:23.231+05:30  WARN 19084 --- [           main] com.gencatalog.service.CatalogService    : AI engine failed for product 'lNbPoO3': Simulated AI engine failure for index 3 — using fallback
2026-04-29T20:49:23.232+05:30  WARN 19084 --- [           main] com.gencatalog.service.CatalogService    : AI engine failed for product 'FqseTIaTJfpkXKLSUg9E6yX8': Simulated AI engine failure for index 1 — using fallback
2026-04-29T20:49:23.233+05:30  WARN 19084 --- [           main] com.gencatalog.service.CatalogService    : AI engine failed for product '7L9jmq8hU8N4hJ1r': Simulated AI engine failure for index 1 — using fallback
2026-04-29T20:49:23.233+05:30  WARN 19084 --- [           main] com.gencatalog.service.CatalogService    : AI engine failed for product 'pEo5UXqe8RfyLTANar': Simulated AI engine failure for index 3 — using fallback
2026-04-29T20:49:23.233+05:30  WARN 19084 --- [           main] com.gencatalog.service.CatalogService    : AI engine failed for product '9': Simulated AI engine failure for index 1 — using fallback
2026-04-29T20:49:23.233+05:30  WARN 19084 --- [           main] com.gencatalog.service.CatalogService    : AI engine failed for product 'U7SrglC': Simulated AI engine failure for index 3 — using fallback
2026-04-29T20:49:23.233+05:30  WARN 19084 --- [           main] com.gencatalog.service.CatalogService    : AI engine failed for product 'A': Simulated AI engine failure for index 1 — using fallback
2026-04-29T20:49:23.234+05:30  WARN 19084 --- [           main] com.gencatalog.service.CatalogService    : AI engine failed for product 'lILS4c75fN': Simulated AI engine failure for index 1 — using fallback
2026-04-29T20:49:23.234+05:30  WARN 19084 --- [           main] com.gencatalog.service.CatalogService    : AI engine failed for product 'a': Simulated AI engine failure for index 1 — using fallback
2026-04-29T20:49:23.234+05:30  WARN 19084 --- [           main] com.gencatalog.service.CatalogService    : AI engine failed for product 'RqC2k': Simulated AI engine failure for index 3 — using fallback
2026-04-29T20:49:23.234+05:30  WARN 19084 --- [           main] com.gencatalog.service.CatalogService    : AI engine failed for product 'bYBvqZcy': Simulated AI engine failure for index 1 — using fallback
2026-04-29T20:49:23.234+05:30  WARN 19084 --- [           main] com.gencatalog.service.CatalogService    : AI engine failed for product 'vF4CZ': Simulated AI engine failure for index 1 — using fallback
2026-04-29T20:49:23.235+05:30  WARN 19084 --- [           main] com.gencatalog.service.CatalogService    : AI engine failed for product '241eTVH4VHDk7Zo5kJWIjerunx0': Simulated AI engine failure for index 1 — using fallback
2026-04-29T20:49:23.235+05:30  WARN 19084 --- [           main] com.gencatalog.service.CatalogService    : AI engine failed for product 'CBWDNtoFR3GZuw5IT4y': Simulated AI engine failure for index 1 — using fallback
2026-04-29T20:49:23.235+05:30  WARN 19084 --- [           main] com.gencatalog.service.CatalogService    : AI engine failed for product 'cNIpeGo': Simulated AI engine failure for index 1 — using fallback
2026-04-29T20:49:23.235+05:30  WARN 19084 --- [           main] com.gencatalog.service.CatalogService    : AI engine failed for product 'p': Simulated AI engine failure for index 1 — using fallback
2026-04-29T20:49:23.235+05:30  WARN 19084 --- [           main] com.gencatalog.service.CatalogService    : AI engine failed for product 'A': Simulated AI engine failure for index 3 — using fallback
2026-04-29T20:49:23.236+05:30  WARN 19084 --- [           main] com.gencatalog.service.CatalogService    : AI engine failed for product '30V2bLGT7UPiyfH00kWKo': Simulated AI engine failure for index 1 — using fallback
2026-04-29T20:49:23.236+05:30  WARN 19084 --- [           main] com.gencatalog.service.CatalogService    : AI engine failed for product 'P69RWMwJaH4dGZBhShKFB6cf5j9d': Simulated AI engine failure for index 1 — using fallback
2026-04-29T20:49:23.236+05:30  WARN 19084 --- [           main] com.gencatalog.service.CatalogService    : AI engine failed for product '57b2rNEB': Simulated AI engine failure for index 3 — using fallback
2026-04-29T20:49:23.237+05:30  WARN 19084 --- [           main] com.gencatalog.service.CatalogService    : AI engine failed for product 'Z': Simulated AI engine failure for index 1 — using fallback
2026-04-29T20:49:23.237+05:30  WARN 19084 --- [           main] com.gencatalog.service.CatalogService    : AI engine failed for product 'M2AKQVXGGClFDqsP6flyPj': Simulated AI engine failure for index 3 — using fallback
2026-04-29T20:49:23.237+05:30  WARN 19084 --- [           main] com.gencatalog.service.CatalogService    : AI engine failed for product 'l5z0gW0CF2': Simulated AI engine failure for index 1 — using fallback
2026-04-29T20:49:23.237+05:30  WARN 19084 --- [           main] com.gencatalog.service.CatalogService    : AI engine failed for product '72Ht': Simulated AI engine failure for index 3 — using fallback
2026-04-29T20:49:23.237+05:30  WARN 19084 --- [           main] com.gencatalog.service.CatalogService    : AI engine failed for product 'gKReiF5TGL042Jysjk3uPemT8PoyQZ': Simulated AI engine failure for index 1 — using fallback
2026-04-29T20:49:23.237+05:30  WARN 19084 --- [           main] com.gencatalog.service.CatalogService    : AI engine failed for product 'B303xLxGcq2U02tGrB': Simulated AI engine failure for index 1 — using fallback
2026-04-29T20:49:23.238+05:30  WARN 19084 --- [           main] com.gencatalog.service.CatalogService    : AI engine failed for product 'Egz6J00hZFGSOLZoKwsHTtkZzcdQB7': Simulated AI engine failure for index 1 — using fallback
2026-04-29T20:49:23.238+05:30  WARN 19084 --- [           main] com.gencatalog.service.CatalogService    : AI engine failed for product 'qegVWRPfZRU5lpHol4aHaQd': Simulated AI engine failure for index 3 — using fallback
2026-04-29T20:49:23.238+05:30  WARN 19084 --- [           main] com.gencatalog.service.CatalogService    : AI engine failed for product 'Z': Simulated AI engine failure for index 1 — using fallback
2026-04-29T20:49:23.238+05:30  WARN 19084 --- [           main] com.gencatalog.service.CatalogService    : AI engine failed for product 'Z3sOWGKH707gG9': Simulated AI engine failure for index 1 — using fallback
2026-04-29T20:49:23.238+05:30  WARN 19084 --- [           main] com.gencatalog.service.CatalogService    : AI engine failed for product 'JkaS': Simulated AI engine failure for index 3 — using fallback
2026-04-29T20:49:23.239+05:30  WARN 19084 --- [           main] com.gencatalog.service.CatalogService    : AI engine failed for product 'He': Simulated AI engine failure for index 1 — using fallback
2026-04-29T20:49:23.239+05:30  WARN 19084 --- [           main] com.gencatalog.service.CatalogService    : AI engine failed for product 'ovoccUvNcJgNd': Simulated AI engine failure for index 1 — using fallback
2026-04-29T20:49:23.240+05:30  WARN 19084 --- [           main] com.gencatalog.service.CatalogService    : AI engine failed for product 'Z': Simulated AI engine failure for index 1 — using fallback
2026-04-29T20:49:23.240+05:30  WARN 19084 --- [           main] com.gencatalog.service.CatalogService    : AI engine failed for product 'K25UHG9wsNQREVjF': Simulated AI engine failure for index 1 — using fallback
2026-04-29T20:49:23.240+05:30  WARN 19084 --- [           main] com.gencatalog.service.CatalogService    : AI engine failed for product 'TlE0QXjz4Yo1pj2sSJQ': Simulated AI engine failure for index 1 — using fallback
2026-04-29T20:49:23.240+05:30  WARN 19084 --- [           main] com.gencatalog.service.CatalogService    : AI engine failed for product 'IdfoVmIYdyiGC': Simulated AI engine failure for index 3 — using fallback
2026-04-29T20:49:23.241+05:30  WARN 19084 --- [           main] com.gencatalog.service.CatalogService    : AI engine failed for product 'z': Simulated AI engine failure for index 1 — using fallback
2026-04-29T20:49:23.241+05:30  WARN 19084 --- [           main] com.gencatalog.service.CatalogService    : AI engine failed for product 'y': Simulated AI engine failure for index 3 — using fallback
2026-04-29T20:49:23.241+05:30  WARN 19084 --- [           main] com.gencatalog.service.CatalogService    : AI engine failed for product 'Z': Simulated AI engine failure for index 1 — using fallback
2026-04-29T20:49:23.241+05:30  WARN 19084 --- [           main] com.gencatalog.service.CatalogService    : AI engine failed for product 'A': Simulated AI engine failure for index 1 — using fallback
2026-04-29T20:49:23.241+05:30  WARN 19084 --- [           main] com.gencatalog.service.CatalogService    : AI engine failed for product 'QYkFDoFqusxfO3mG0j': Simulated AI engine failure for index 3 — using fallback
2026-04-29T20:49:23.242+05:30  WARN 19084 --- [           main] com.gencatalog.service.CatalogService    : AI engine failed for product 'y0R47bpCE9': Simulated AI engine failure for index 1 — using fallback
2026-04-29T20:49:23.242+05:30  WARN 19084 --- [           main] com.gencatalog.service.CatalogService    : AI engine failed for product '7vj': Simulated AI engine failure for index 1 — using fallback
2026-04-29T20:49:23.242+05:30  WARN 19084 --- [           main] com.gencatalog.service.CatalogService    : AI engine failed for product 'NJrA1XxMurNMsJhZD2Pg': Simulated AI engine failure for index 3 — using fallback
2026-04-29T20:49:23.242+05:30  WARN 19084 --- [           main] com.gencatalog.service.CatalogService    : AI engine failed for product 'LTXAXk0L6jbeOw9spRj': Simulated AI engine failure for index 1 — using fallback
timestamp = 2026-04-29T20:49:23.266763600, CatalogServicePropertyTest:property1 completeOutputCoverage = 
                              |-----------------------jqwik-----------------------
tries = 1000                  | # of calls to property
checks = 1000                 | # of not rejected calls
generation = RANDOMIZED       | parameters are randomly generated
after-failure = SAMPLE_FIRST  | try previously failed sample, then previous seed
when-fixed-seed = ALLOW       | fixing the random seed is allowed
edge-cases#mode = MIXIN       | edge cases are mixed in
edge-cases#total = 144        | # of all combined edge cases
edge-cases#tried = 144        | # of edge cases tried in current run
seed = -5555348428241770755   | random seed to reproduce generated values


]]></system-out>
  </testcase>
</testsuite>