<?xml version="1.0" encoding="UTF-8"?>
<testsuite xmlns:xsi="http://www.w3.org/2001/XMLSchema-instance" xsi:noNamespaceSchemaLocation="https://maven.apache.org/surefire/maven-surefire-plugin/xsd/surefire-test-report-3.0.xsd" version="3.0" name="com.gencatalog.client.AiEngineClientTest" time="1.381" tests="6" errors="0" skipped="0" failures="0">
  <properties>
[...]
</properties>
  <testcase name="callAiEngine_neverReturnsNull_onSuccess" classname="com.gencatalog.client.AiEngineClientTest" time="1.275">
    <system-out><![CDATA[Standard Commons Logging discovery in action with spring-jcl: please remove commons-logging.jar from classpath in order to avoid potential conflicts
]]></system-out>
  </testcase>
  <testcase name="http503Response_throwsAiEngineException" classname="com.gencatalog.client.AiEngineClientTest" time="0.032"/>
  <testcase name="validResponse_preservesOriginalProductFields" classname="com.gencatalog.client.AiEngineClientTest" time="0.013"/>
  <testcase name="http404Response_throwsAiEngineException" classname="com.gencatalog.client.AiEngineClientTest" time="0.01"/>
  <testcase name="validJsonResponse_returnsEnrichedProductWithAllFields" classname="com.gencatalog.client.AiEngineClientTest" time="0.011"/>
  <testcase name="http500Response_throwsAiEngineException" classname="com.gencatalog.client.AiEngineClientTest" time="0.014"/>
</testsuite>